Traceback (most recent call last):
  File "/usr/share/miniconda/lib/python3.10/site-packages/jupyter_cache/executors/utils.py", line 51, in single_nb_execution
    executenb(
  File "/usr/share/miniconda/lib/python3.10/site-packages/nbclient/client.py", line 1204, in execute
    return NotebookClient(nb=nb, resources=resources, km=km, **kwargs).execute()
  File "/usr/share/miniconda/lib/python3.10/site-packages/nbclient/util.py", line 84, in wrapped
    return just_run(coro(*args, **kwargs))
  File "/usr/share/miniconda/lib/python3.10/site-packages/nbclient/util.py", line 62, in just_run
    return loop.run_until_complete(coro)
  File "/usr/share/miniconda/lib/python3.10/asyncio/base_events.py", line 649, in run_until_complete
    return future.result()
  File "/usr/share/miniconda/lib/python3.10/site-packages/nbclient/client.py", line 663, in async_execute
    await self.async_execute_cell(
  File "/usr/share/miniconda/lib/python3.10/site-packages/nbclient/client.py", line 965, in async_execute_cell
    await self._check_raise_for_error(cell, cell_index, exec_reply)
  File "/usr/share/miniconda/lib/python3.10/site-packages/nbclient/client.py", line 862, in _check_raise_for_error
    raise CellExecutionError.from_cell_and_msg(cell, exec_reply_content)
nbclient.exceptions.CellExecutionError: An error occurred while executing the following cell:
------------------
obs_table = Observations.query_criteria(obs_id='ib2j02n5q', obstype='all')
download_tab = Observations.download_products(obs_table['obsid'], mrp_only=False, 
                                              productSubGroupDescription=['FLC'])
------------------

[0;31m---------------------------------------------------------------------------[0m
[0;31mHTTPError[0m                                 Traceback (most recent call last)
Cell [0;32mIn[2], line 1[0m
[0;32m----> 1[0m obs_table [38;5;241m=[39m [43mObservations[49m[38;5;241;43m.[39;49m[43mquery_criteria[49m[43m([49m[43mobs_id[49m[38;5;241;43m=[39;49m[38;5;124;43m'[39;49m[38;5;124;43mib2j02n5q[39;49m[38;5;124;43m'[39;49m[43m,[49m[43m [49m[43mobstype[49m[38;5;241;43m=[39;49m[38;5;124;43m'[39;49m[38;5;124;43mall[39;49m[38;5;124;43m'[39;49m[43m)[49m
[1;32m      2[0m download_tab [38;5;241m=[39m Observations[38;5;241m.[39mdownload_products(obs_table[[38;5;124m'[39m[38;5;124mobsid[39m[38;5;124m'[39m], mrp_only[38;5;241m=[39m[38;5;28;01mFalse[39;00m, 
[1;32m      3[0m                                               productSubGroupDescription[38;5;241m=[39m[[38;5;124m'[39m[38;5;124mFLC[39m[38;5;124m'[39m])

File [0;32m/usr/share/miniconda/lib/python3.10/site-packages/astroquery/utils/class_or_instance.py:25[0m, in [0;36mclass_or_instance.__get__.<locals>.f[0;34m(*args, **kwds)[0m
[1;32m     23[0m [38;5;28;01mdef[39;00m [38;5;21mf[39m([38;5;241m*[39margs, [38;5;241m*[39m[38;5;241m*[39mkwds):
[1;32m     24[0m     [38;5;28;01mif[39;00m obj [38;5;129;01mis[39;00m [38;5;129;01mnot[39;00m [38;5;28;01mNone[39;00m:
[0;32m---> 25[0m         [38;5;28;01mreturn[39;00m [38;5;28;43mself[39;49m[38;5;241;43m.[39;49m[43mfn[49m[43m([49m[43mobj[49m[43m,[49m[43m [49m[38;5;241;43m*[39;49m[43margs[49m[43m,[49m[43m [49m[38;5;241;43m*[39;49m[38;5;241;43m*[39;49m[43mkwds[49m[43m)[49m
[1;32m     26[0m     [38;5;28;01melse[39;00m:
[1;32m     27[0m         [38;5;28;01mreturn[39;00m [38;5;28mself[39m[38;5;241m.[39mfn([38;5;28mcls[39m, [38;5;241m*[39margs, [38;5;241m*[39m[38;5;241m*[39mkwds)

File [0;32m/usr/share/miniconda/lib/python3.10/site-packages/astroquery/utils/process_asyncs.py:26[0m, in [0;36masync_to_sync.<locals>.create_method.<locals>.newmethod[0;34m(self, *args, **kwargs)[0m
[1;32m     22[0m [38;5;129m@class_or_instance[39m
[1;32m     23[0m [38;5;28;01mdef[39;00m [38;5;21mnewmethod[39m([38;5;28mself[39m, [38;5;241m*[39margs, [38;5;241m*[39m[38;5;241m*[39mkwargs):
[1;32m     24[0m     verbose [38;5;241m=[39m kwargs[38;5;241m.[39mpop([38;5;124m'[39m[38;5;124mverbose[39m[38;5;124m'[39m, [38;5;28;01mFalse[39;00m)
[0;32m---> 26[0m     response [38;5;241m=[39m [38;5;28;43mgetattr[39;49m[43m([49m[38;5;28;43mself[39;49m[43m,[49m[43m [49m[43masync_method_name[49m[43m)[49m[43m([49m[38;5;241;43m*[39;49m[43margs[49m[43m,[49m[43m [49m[38;5;241;43m*[39;49m[38;5;241;43m*[39;49m[43mkwargs[49m[43m)[49m
[1;32m     27[0m     [38;5;28;01mif[39;00m kwargs[38;5;241m.[39mget([38;5;124m'[39m[38;5;124mget_query_payload[39m[38;5;124m'[39m) [38;5;129;01mor[39;00m kwargs[38;5;241m.[39mget([38;5;124m'[39m[38;5;124mfield_help[39m[38;5;124m'[39m):
[1;32m     28[0m         [38;5;28;01mreturn[39;00m response

File [0;32m/usr/share/miniconda/lib/python3.10/site-packages/astroquery/utils/class_or_instance.py:25[0m, in [0;36mclass_or_instance.__get__.<locals>.f[0;34m(*args, **kwds)[0m
[1;32m     23[0m [38;5;28;01mdef[39;00m [38;5;21mf[39m([38;5;241m*[39margs, [38;5;241m*[39m[38;5;241m*[39mkwds):
[1;32m     24[0m     [38;5;28;01mif[39;00m obj [38;5;129;01mis[39;00m [38;5;129;01mnot[39;00m [38;5;28;01mNone[39;00m:
[0;32m---> 25[0m         [38;5;28;01mreturn[39;00m [38;5;28;43mself[39;49m[38;5;241;43m.[39;49m[43mfn[49m[43m([49m[43mobj[49m[43m,[49m[43m [49m[38;5;241;43m*[39;49m[43margs[49m[43m,[49m[43m [49m[38;5;241;43m*[39;49m[38;5;241;43m*[39;49m[43mkwds[49m[43m)[49m
[1;32m     26[0m     [38;5;28;01melse[39;00m:
[1;32m     27[0m         [38;5;28;01mreturn[39;00m [38;5;28mself[39m[38;5;241m.[39mfn([38;5;28mcls[39m, [38;5;241m*[39margs, [38;5;241m*[39m[38;5;241m*[39mkwds)

File [0;32m/usr/share/miniconda/lib/python3.10/site-packages/astroquery/mast/observations.py:288[0m, in [0;36mObservationsClass.query_criteria_async[0;34m(self, pagesize, page, **criteria)[0m
[1;32m    257[0m [38;5;129m@class_or_instance[39m
[1;32m    258[0m [38;5;28;01mdef[39;00m [38;5;21mquery_criteria_async[39m([38;5;28mself[39m, [38;5;241m*[39m, pagesize[38;5;241m=[39m[38;5;28;01mNone[39;00m, page[38;5;241m=[39m[38;5;28;01mNone[39;00m, [38;5;241m*[39m[38;5;241m*[39mcriteria):
[1;32m    259[0m [38;5;250m    [39m[38;5;124;03m"""[39;00m
[1;32m    260[0m [38;5;124;03m    Given an set of criteria, returns a list of MAST observations.[39;00m
[1;32m    261[0m [38;5;124;03m    Valid criteria are returned by ``get_metadata("observations")``[39;00m
[0;32m   (...)[0m
[1;32m    285[0m [38;5;124;03m    response : list of `~requests.Response`[39;00m
[1;32m    286[0m [38;5;124;03m    """[39;00m
[0;32m--> 288[0m     position, mashup_filters [38;5;241m=[39m [38;5;28;43mself[39;49m[38;5;241;43m.[39;49m[43m_parse_caom_criteria[49m[43m([49m[38;5;241;43m*[39;49m[38;5;241;43m*[39;49m[43mcriteria[49m[43m)[49m
[1;32m    290[0m     [38;5;28;01mif[39;00m [38;5;129;01mnot[39;00m mashup_filters:
[1;32m    291[0m         [38;5;28;01mraise[39;00m InvalidQueryError([38;5;124m"[39m[38;5;124mAt least one non-positional criterion must be supplied.[39m[38;5;124m"[39m)

File [0;32m/usr/share/miniconda/lib/python3.10/site-packages/astroquery/mast/observations.py:165[0m, in [0;36mObservationsClass._parse_caom_criteria[0;34m(self, **criteria)[0m
[1;32m    163[0m     coordinates [38;5;241m=[39m utils[38;5;241m.[39mparse_input_location(coordinates, objectname)
[1;32m    164[0m [38;5;28;01melse[39;00m:
[0;32m--> 165[0m     mashup_filters [38;5;241m=[39m [38;5;28;43mself[39;49m[38;5;241;43m.[39;49m[43m_portal_api_connection[49m[38;5;241;43m.[39;49m[43mbuild_filter_set[49m[43m([49m[38;5;28;43mself[39;49m[38;5;241;43m.[39;49m[43m_caom_cone[49m[43m,[49m
[1;32m    166[0m [43m                                                    [49m[38;5;28;43mself[39;49m[38;5;241;43m.[39;49m[43m_caom_filtered[49m[43m,[49m
[1;32m    167[0m [43m                                                    [49m[38;5;241;43m*[39;49m[38;5;241;43m*[39;49m[43mcriteria[49m[43m)[49m
[1;32m    169[0m [38;5;66;03m# handle position info (if any)[39;00m
[1;32m    170[0m position [38;5;241m=[39m [38;5;28;01mNone[39;00m

File [0;32m/usr/share/miniconda/lib/python3.10/site-packages/astroquery/mast/discovery_portal.py:396[0m, in [0;36mPortalAPI.build_filter_set[0;34m(self, column_config_name, service_name, **filters)[0m
[1;32m    393[0m     service_name [38;5;241m=[39m column_config_name
[1;32m    395[0m [38;5;28;01mif[39;00m [38;5;129;01mnot[39;00m [38;5;28mself[39m[38;5;241m.[39m_column_configs[38;5;241m.[39mget(service_name):
[0;32m--> 396[0m     [38;5;28;43mself[39;49m[38;5;241;43m.[39;49m[43m_get_col_config[49m[43m([49m[43mservice_name[49m[43m,[49m[43m [49m[43mfetch_name[49m[38;5;241;43m=[39;49m[43mcolumn_config_name[49m[43m)[49m
[1;32m    398[0m caom_col_config [38;5;241m=[39m [38;5;28mself[39m[38;5;241m.[39m_column_configs[service_name]
[1;32m    400[0m mashup_filters [38;5;241m=[39m []

File [0;32m/usr/share/miniconda/lib/python3.10/site-packages/astroquery/mast/discovery_portal.py:234[0m, in [0;36mPortalAPI._get_col_config[0;34m(self, service, fetch_name)[0m
[1;32m    228[0m     fetch_name [38;5;241m=[39m service
[1;32m    230[0m headers [38;5;241m=[39m {[38;5;124m"[39m[38;5;124mUser-Agent[39m[38;5;124m"[39m: [38;5;28mself[39m[38;5;241m.[39m_session[38;5;241m.[39mheaders[[38;5;124m"[39m[38;5;124mUser-Agent[39m[38;5;124m"[39m],
[1;32m    231[0m            [38;5;124m"[39m[38;5;124mContent-type[39m[38;5;124m"[39m: [38;5;124m"[39m[38;5;124mapplication/x-www-form-urlencoded[39m[38;5;124m"[39m,
[1;32m    232[0m            [38;5;124m"[39m[38;5;124mAccept[39m[38;5;124m"[39m: [38;5;124m"[39m[38;5;124mtext/plain[39m[38;5;124m"[39m}
[0;32m--> 234[0m response [38;5;241m=[39m [38;5;28;43mself[39;49m[38;5;241;43m.[39;49m[43m_request[49m[43m([49m[38;5;124;43m"[39;49m[38;5;124;43mPOST[39;49m[38;5;124;43m"[39;49m[43m,[49m[43m [49m[38;5;28;43mself[39;49m[38;5;241;43m.[39;49m[43mCOLUMNS_CONFIG_URL[49m[43m,[49m
[1;32m    235[0m [43m                         [49m[43mdata[49m[38;5;241;43m=[39;49m[43m([49m[38;5;124;43m"[39;49m[38;5;124;43mcolConfigId=[39;49m[38;5;124;43m"[39;49m[38;5;241;43m+[39;49m[43mfetch_name[49m[43m)[49m[43m,[49m[43m [49m[43mheaders[49m[38;5;241;43m=[39;49m[43mheaders[49m[43m)[49m
[1;32m    237[0m [38;5;28mself[39m[38;5;241m.[39m_column_configs[service] [38;5;241m=[39m response[[38;5;241m0[39m][38;5;241m.[39mjson()
[1;32m    239[0m more [38;5;241m=[39m [38;5;28;01mFalse[39;00m  [38;5;66;03m# for some catalogs this is not enough information[39;00m

File [0;32m/usr/share/miniconda/lib/python3.10/site-packages/astroquery/mast/discovery_portal.py:190[0m, in [0;36mPortalAPI._request[0;34m(self, method, url, params, data, headers, files, stream, auth, retrieve_all)[0m
[1;32m    187[0m     [38;5;28;01mraise[39;00m [38;5;167;01mTimeoutError[39;00m([38;5;124m"[39m[38;5;124mTimeout limit of [39m[38;5;132;01m{}[39;00m[38;5;124m exceeded.[39m[38;5;124m"[39m[38;5;241m.[39mformat([38;5;28mself[39m[38;5;241m.[39mTIMEOUT))
[1;32m    189[0m [38;5;66;03m# Raising error based on HTTP status if necessary[39;00m
[0;32m--> 190[0m [43mresponse[49m[38;5;241;43m.[39;49m[43mraise_for_status[49m[43m([49m[43m)[49m
[1;32m    192[0m result [38;5;241m=[39m response[38;5;241m.[39mjson()
[1;32m    194[0m [38;5;28;01mif[39;00m [38;5;129;01mnot[39;00m result:  [38;5;66;03m# kind of hacky, but col_config service returns nothing if there is an error[39;00m

File [0;32m/usr/share/miniconda/lib/python3.10/site-packages/requests/models.py:1021[0m, in [0;36mResponse.raise_for_status[0;34m(self)[0m
[1;32m   1016[0m     http_error_msg [38;5;241m=[39m (
[1;32m   1017[0m         [38;5;124mf[39m[38;5;124m"[39m[38;5;132;01m{[39;00m[38;5;28mself[39m[38;5;241m.[39mstatus_code[38;5;132;01m}[39;00m[38;5;124m Server Error: [39m[38;5;132;01m{[39;00mreason[38;5;132;01m}[39;00m[38;5;124m for url: [39m[38;5;132;01m{[39;00m[38;5;28mself[39m[38;5;241m.[39murl[38;5;132;01m}[39;00m[38;5;124m"[39m
[1;32m   1018[0m     )
[1;32m   1020[0m [38;5;28;01mif[39;00m http_error_msg:
[0;32m-> 1021[0m     [38;5;28;01mraise[39;00m HTTPError(http_error_msg, response[38;5;241m=[39m[38;5;28mself[39m)

[0;31mHTTPError[0m: 503 Server Error: Service Unavailable for url: https://mast.stsci.edu/portal/Mashup/Mashup.asmx/columnsconfig
HTTPError: 503 Server Error: Service Unavailable for url: https://mast.stsci.edu/portal/Mashup/Mashup.asmx/columnsconfig

