Traceback (most recent call last):
  File "/usr/share/miniconda/lib/python3.10/site-packages/jupyter_cache/executors/utils.py", line 51, in single_nb_execution
    executenb(
  File "/usr/share/miniconda/lib/python3.10/site-packages/nbclient/client.py", line 1204, in execute
    return NotebookClient(nb=nb, resources=resources, km=km, **kwargs).execute()
  File "/usr/share/miniconda/lib/python3.10/site-packages/nbclient/util.py", line 84, in wrapped
    return just_run(coro(*args, **kwargs))
  File "/usr/share/miniconda/lib/python3.10/site-packages/nbclient/util.py", line 62, in just_run
    return loop.run_until_complete(coro)
  File "/usr/share/miniconda/lib/python3.10/asyncio/base_events.py", line 649, in run_until_complete
    return future.result()
  File "/usr/share/miniconda/lib/python3.10/site-packages/nbclient/client.py", line 663, in async_execute
    await self.async_execute_cell(
  File "/usr/share/miniconda/lib/python3.10/site-packages/nbclient/client.py", line 965, in async_execute_cell
    await self._check_raise_for_error(cell, cell_index, exec_reply)
  File "/usr/share/miniconda/lib/python3.10/site-packages/nbclient/client.py", line 862, in _check_raise_for_error
    raise CellExecutionError.from_cell_and_msg(cell, exec_reply_content)
nbclient.exceptions.CellExecutionError: An error occurred while executing the following cell:
------------------
# First STIS, but through the ULLYSES database - non-standard
readfile, __ = urllib.request.urlretrieve(
    "https://ullyses.stsci.edu/files/bi173.tar.gz", "./ul_zip.tar.gz"
)  # Where to save file to locally
tar = tarfile.open(readfile, "r:gz")
tar.extractall()
tar.close()
stis_data_dir = Path("./bi173/")
# Next two lines prevent new ULLYSES data releases,
#  (and subsequent file renaming,) from breaking the code.
stis_glob = stis_data_dir.glob("hlsp_ullyses_hst_stis_bi173_e230m_dr*_cspec.fits")
stis_nuv_cspec = sorted(stis_glob)[-1]
# Now COS
nuv_cos_x1dsum = Observations.download_products(
    Observations.get_product_list(Observations.query_criteria(obs_id="LBY615010")),
    mrp_only=True,
)[1]["Local Path"]
------------------

[0;31m---------------------------------------------------------------------------[0m
[0;31mHTTPError[0m                                 Traceback (most recent call last)
Cell [0;32mIn[34], line 2[0m
[1;32m      1[0m [38;5;66;03m# First STIS, but through the ULLYSES database - non-standard[39;00m
[0;32m----> 2[0m readfile, __ [38;5;241m=[39m [43murllib[49m[38;5;241;43m.[39;49m[43mrequest[49m[38;5;241;43m.[39;49m[43murlretrieve[49m[43m([49m
[1;32m      3[0m [43m    [49m[38;5;124;43m"[39;49m[38;5;124;43mhttps://ullyses.stsci.edu/files/bi173.tar.gz[39;49m[38;5;124;43m"[39;49m[43m,[49m[43m [49m[38;5;124;43m"[39;49m[38;5;124;43m./ul_zip.tar.gz[39;49m[38;5;124;43m"[39;49m
[1;32m      4[0m [43m)[49m  [38;5;66;03m# Where to save file to locally[39;00m
[1;32m      5[0m tar [38;5;241m=[39m tarfile[38;5;241m.[39mopen(readfile, [38;5;124m"[39m[38;5;124mr:gz[39m[38;5;124m"[39m)
[1;32m      6[0m tar[38;5;241m.[39mextractall()

File [0;32m/usr/share/miniconda/lib/python3.10/urllib/request.py:241[0m, in [0;36murlretrieve[0;34m(url, filename, reporthook, data)[0m
[1;32m    224[0m [38;5;250m[39m[38;5;124;03m"""[39;00m
[1;32m    225[0m [38;5;124;03mRetrieve a URL into a temporary location on disk.[39;00m
[1;32m    226[0m 
[0;32m   (...)[0m
[1;32m    237[0m [38;5;124;03mdata file as well as the resulting HTTPMessage object.[39;00m
[1;32m    238[0m [38;5;124;03m"""[39;00m
[1;32m    239[0m url_type, path [38;5;241m=[39m _splittype(url)
[0;32m--> 241[0m [38;5;28;01mwith[39;00m contextlib[38;5;241m.[39mclosing([43murlopen[49m[43m([49m[43murl[49m[43m,[49m[43m [49m[43mdata[49m[43m)[49m) [38;5;28;01mas[39;00m fp:
[1;32m    242[0m     headers [38;5;241m=[39m fp[38;5;241m.[39minfo()
[1;32m    244[0m     [38;5;66;03m# Just return the local path and the "headers" for file://[39;00m
[1;32m    245[0m     [38;5;66;03m# URLs. No sense in performing a copy unless requested.[39;00m

File [0;32m/usr/share/miniconda/lib/python3.10/urllib/request.py:216[0m, in [0;36murlopen[0;34m(url, data, timeout, cafile, capath, cadefault, context)[0m
[1;32m    214[0m [38;5;28;01melse[39;00m:
[1;32m    215[0m     opener [38;5;241m=[39m _opener
[0;32m--> 216[0m [38;5;28;01mreturn[39;00m [43mopener[49m[38;5;241;43m.[39;49m[43mopen[49m[43m([49m[43murl[49m[43m,[49m[43m [49m[43mdata[49m[43m,[49m[43m [49m[43mtimeout[49m[43m)[49m

File [0;32m/usr/share/miniconda/lib/python3.10/urllib/request.py:525[0m, in [0;36mOpenerDirector.open[0;34m(self, fullurl, data, timeout)[0m
[1;32m    523[0m [38;5;28;01mfor[39;00m processor [38;5;129;01min[39;00m [38;5;28mself[39m[38;5;241m.[39mprocess_response[38;5;241m.[39mget(protocol, []):
[1;32m    524[0m     meth [38;5;241m=[39m [38;5;28mgetattr[39m(processor, meth_name)
[0;32m--> 525[0m     response [38;5;241m=[39m [43mmeth[49m[43m([49m[43mreq[49m[43m,[49m[43m [49m[43mresponse[49m[43m)[49m
[1;32m    527[0m [38;5;28;01mreturn[39;00m response

File [0;32m/usr/share/miniconda/lib/python3.10/urllib/request.py:634[0m, in [0;36mHTTPErrorProcessor.http_response[0;34m(self, request, response)[0m
[1;32m    631[0m [38;5;66;03m# According to RFC 2616, "2xx" code indicates that the client's[39;00m
[1;32m    632[0m [38;5;66;03m# request was successfully received, understood, and accepted.[39;00m
[1;32m    633[0m [38;5;28;01mif[39;00m [38;5;129;01mnot[39;00m ([38;5;241m200[39m [38;5;241m<[39m[38;5;241m=[39m code [38;5;241m<[39m [38;5;241m300[39m):
[0;32m--> 634[0m     response [38;5;241m=[39m [38;5;28;43mself[39;49m[38;5;241;43m.[39;49m[43mparent[49m[38;5;241;43m.[39;49m[43merror[49m[43m([49m
[1;32m    635[0m [43m        [49m[38;5;124;43m'[39;49m[38;5;124;43mhttp[39;49m[38;5;124;43m'[39;49m[43m,[49m[43m [49m[43mrequest[49m[43m,[49m[43m [49m[43mresponse[49m[43m,[49m[43m [49m[43mcode[49m[43m,[49m[43m [49m[43mmsg[49m[43m,[49m[43m [49m[43mhdrs[49m[43m)[49m
[1;32m    637[0m [38;5;28;01mreturn[39;00m response

File [0;32m/usr/share/miniconda/lib/python3.10/urllib/request.py:563[0m, in [0;36mOpenerDirector.error[0;34m(self, proto, *args)[0m
[1;32m    561[0m [38;5;28;01mif[39;00m http_err:
[1;32m    562[0m     args [38;5;241m=[39m ([38;5;28mdict[39m, [38;5;124m'[39m[38;5;124mdefault[39m[38;5;124m'[39m, [38;5;124m'[39m[38;5;124mhttp_error_default[39m[38;5;124m'[39m) [38;5;241m+[39m orig_args
[0;32m--> 563[0m     [38;5;28;01mreturn[39;00m [38;5;28;43mself[39;49m[38;5;241;43m.[39;49m[43m_call_chain[49m[43m([49m[38;5;241;43m*[39;49m[43margs[49m[43m)[49m

File [0;32m/usr/share/miniconda/lib/python3.10/urllib/request.py:496[0m, in [0;36mOpenerDirector._call_chain[0;34m(self, chain, kind, meth_name, *args)[0m
[1;32m    494[0m [38;5;28;01mfor[39;00m handler [38;5;129;01min[39;00m handlers:
[1;32m    495[0m     func [38;5;241m=[39m [38;5;28mgetattr[39m(handler, meth_name)
[0;32m--> 496[0m     result [38;5;241m=[39m [43mfunc[49m[43m([49m[38;5;241;43m*[39;49m[43margs[49m[43m)[49m
[1;32m    497[0m     [38;5;28;01mif[39;00m result [38;5;129;01mis[39;00m [38;5;129;01mnot[39;00m [38;5;28;01mNone[39;00m:
[1;32m    498[0m         [38;5;28;01mreturn[39;00m result

File [0;32m/usr/share/miniconda/lib/python3.10/urllib/request.py:643[0m, in [0;36mHTTPDefaultErrorHandler.http_error_default[0;34m(self, req, fp, code, msg, hdrs)[0m
[1;32m    642[0m [38;5;28;01mdef[39;00m [38;5;21mhttp_error_default[39m([38;5;28mself[39m, req, fp, code, msg, hdrs):
[0;32m--> 643[0m     [38;5;28;01mraise[39;00m HTTPError(req[38;5;241m.[39mfull_url, code, msg, hdrs, fp)

[0;31mHTTPError[0m: HTTP Error 404: Not Found
HTTPError: HTTP Error 404: Not Found

