Traceback (most recent call last):
  File "/usr/share/miniconda/lib/python3.10/site-packages/jupyter_cache/executors/utils.py", line 51, in single_nb_execution
    executenb(
  File "/usr/share/miniconda/lib/python3.10/site-packages/nbclient/client.py", line 1204, in execute
    return NotebookClient(nb=nb, resources=resources, km=km, **kwargs).execute()
  File "/usr/share/miniconda/lib/python3.10/site-packages/nbclient/util.py", line 84, in wrapped
    return just_run(coro(*args, **kwargs))
  File "/usr/share/miniconda/lib/python3.10/site-packages/nbclient/util.py", line 62, in just_run
    return loop.run_until_complete(coro)
  File "/usr/share/miniconda/lib/python3.10/asyncio/base_events.py", line 649, in run_until_complete
    return future.result()
  File "/usr/share/miniconda/lib/python3.10/site-packages/nbclient/client.py", line 663, in async_execute
    await self.async_execute_cell(
  File "/usr/share/miniconda/lib/python3.10/site-packages/nbclient/client.py", line 965, in async_execute_cell
    await self._check_raise_for_error(cell, cell_index, exec_reply)
  File "/usr/share/miniconda/lib/python3.10/site-packages/nbclient/client.py", line 862, in _check_raise_for_error
    raise CellExecutionError.from_cell_and_msg(cell, exec_reply_content)
nbclient.exceptions.CellExecutionError: An error occurred while executing the following cell:
------------------
#Searching for the observsation
results = Observations.query_criteria(obs_id='JC8MB7020', obstype='all')

#Downloading previews and FLC files
jpg_download = Observations.download_products(results['obsid'], mrp_only=False, extension=['jpg'])
flc_download = Observations.download_products(results['obsid'], productSubGroupDescription=['FLC'], mrp_only=False)
------------------

[0;31m---------------------------------------------------------------------------[0m
[0;31mHTTPError[0m                                 Traceback (most recent call last)
Cell [0;32mIn[2], line 6[0m
[1;32m      4[0m [38;5;66;03m#Downloading previews and FLC files[39;00m
[1;32m      5[0m jpg_download [38;5;241m=[39m Observations[38;5;241m.[39mdownload_products(results[[38;5;124m'[39m[38;5;124mobsid[39m[38;5;124m'[39m], mrp_only[38;5;241m=[39m[38;5;28;01mFalse[39;00m, extension[38;5;241m=[39m[[38;5;124m'[39m[38;5;124mjpg[39m[38;5;124m'[39m])
[0;32m----> 6[0m flc_download [38;5;241m=[39m [43mObservations[49m[38;5;241;43m.[39;49m[43mdownload_products[49m[43m([49m[43mresults[49m[43m[[49m[38;5;124;43m'[39;49m[38;5;124;43mobsid[39;49m[38;5;124;43m'[39;49m[43m][49m[43m,[49m[43m [49m[43mproductSubGroupDescription[49m[38;5;241;43m=[39;49m[43m[[49m[38;5;124;43m'[39;49m[38;5;124;43mFLC[39;49m[38;5;124;43m'[39;49m[43m][49m[43m,[49m[43m [49m[43mmrp_only[49m[38;5;241;43m=[39;49m[38;5;28;43;01mFalse[39;49;00m[43m)[49m

File [0;32m/usr/share/miniconda/lib/python3.10/site-packages/astroquery/mast/observations.py:713[0m, in [0;36mObservationsClass.download_products[0;34m(self, products, download_dir, cache, curl_flag, mrp_only, cloud_only, **filters)[0m
[1;32m    711[0m     product_lists [38;5;241m=[39m []
[1;32m    712[0m     [38;5;28;01mfor[39;00m oid [38;5;129;01min[39;00m products:
[0;32m--> 713[0m         product_lists[38;5;241m.[39mappend([38;5;28;43mself[39;49m[38;5;241;43m.[39;49m[43mget_product_list[49m[43m([49m[43moid[49m[43m)[49m)
[1;32m    715[0m     products [38;5;241m=[39m vstack(product_lists)
[1;32m    717[0m [38;5;66;03m# apply filters[39;00m

File [0;32m/usr/share/miniconda/lib/python3.10/site-packages/astroquery/utils/class_or_instance.py:25[0m, in [0;36mclass_or_instance.__get__.<locals>.f[0;34m(*args, **kwds)[0m
[1;32m     23[0m [38;5;28;01mdef[39;00m [38;5;21mf[39m([38;5;241m*[39margs, [38;5;241m*[39m[38;5;241m*[39mkwds):
[1;32m     24[0m     [38;5;28;01mif[39;00m obj [38;5;129;01mis[39;00m [38;5;129;01mnot[39;00m [38;5;28;01mNone[39;00m:
[0;32m---> 25[0m         [38;5;28;01mreturn[39;00m [38;5;28;43mself[39;49m[38;5;241;43m.[39;49m[43mfn[49m[43m([49m[43mobj[49m[43m,[49m[43m [49m[38;5;241;43m*[39;49m[43margs[49m[43m,[49m[43m [49m[38;5;241;43m*[39;49m[38;5;241;43m*[39;49m[43mkwds[49m[43m)[49m
[1;32m     26[0m     [38;5;28;01melse[39;00m:
[1;32m     27[0m         [38;5;28;01mreturn[39;00m [38;5;28mself[39m[38;5;241m.[39mfn([38;5;28mcls[39m, [38;5;241m*[39margs, [38;5;241m*[39m[38;5;241m*[39mkwds)

File [0;32m/usr/share/miniconda/lib/python3.10/site-packages/astroquery/utils/process_asyncs.py:26[0m, in [0;36masync_to_sync.<locals>.create_method.<locals>.newmethod[0;34m(self, *args, **kwargs)[0m
[1;32m     22[0m [38;5;129m@class_or_instance[39m
[1;32m     23[0m [38;5;28;01mdef[39;00m [38;5;21mnewmethod[39m([38;5;28mself[39m, [38;5;241m*[39margs, [38;5;241m*[39m[38;5;241m*[39mkwargs):
[1;32m     24[0m     verbose [38;5;241m=[39m kwargs[38;5;241m.[39mpop([38;5;124m'[39m[38;5;124mverbose[39m[38;5;124m'[39m, [38;5;28;01mFalse[39;00m)
[0;32m---> 26[0m     response [38;5;241m=[39m [38;5;28;43mgetattr[39;49m[43m([49m[38;5;28;43mself[39;49m[43m,[49m[43m [49m[43masync_method_name[49m[43m)[49m[43m([49m[38;5;241;43m*[39;49m[43margs[49m[43m,[49m[43m [49m[38;5;241;43m*[39;49m[38;5;241;43m*[39;49m[43mkwargs[49m[43m)[49m
[1;32m     27[0m     [38;5;28;01mif[39;00m kwargs[38;5;241m.[39mget([38;5;124m'[39m[38;5;124mget_query_payload[39m[38;5;124m'[39m) [38;5;129;01mor[39;00m kwargs[38;5;241m.[39mget([38;5;124m'[39m[38;5;124mfield_help[39m[38;5;124m'[39m):
[1;32m     28[0m         [38;5;28;01mreturn[39;00m response

File [0;32m/usr/share/miniconda/lib/python3.10/site-packages/astroquery/utils/class_or_instance.py:25[0m, in [0;36mclass_or_instance.__get__.<locals>.f[0;34m(*args, **kwds)[0m
[1;32m     23[0m [38;5;28;01mdef[39;00m [38;5;21mf[39m([38;5;241m*[39margs, [38;5;241m*[39m[38;5;241m*[39mkwds):
[1;32m     24[0m     [38;5;28;01mif[39;00m obj [38;5;129;01mis[39;00m [38;5;129;01mnot[39;00m [38;5;28;01mNone[39;00m:
[0;32m---> 25[0m         [38;5;28;01mreturn[39;00m [38;5;28;43mself[39;49m[38;5;241;43m.[39;49m[43mfn[49m[43m([49m[43mobj[49m[43m,[49m[43m [49m[38;5;241;43m*[39;49m[43margs[49m[43m,[49m[43m [49m[38;5;241;43m*[39;49m[38;5;241;43m*[39;49m[43mkwds[49m[43m)[49m
[1;32m     26[0m     [38;5;28;01melse[39;00m:
[1;32m     27[0m         [38;5;28;01mreturn[39;00m [38;5;28mself[39m[38;5;241m.[39mfn([38;5;28mcls[39m, [38;5;241m*[39margs, [38;5;241m*[39m[38;5;241m*[39mkwds)

File [0;32m/usr/share/miniconda/lib/python3.10/site-packages/astroquery/mast/observations.py:451[0m, in [0;36mObservationsClass.get_product_list_async[0;34m(self, observations)[0m
[1;32m    448[0m service [38;5;241m=[39m [38;5;28mself[39m[38;5;241m.[39m_caom_products
[1;32m    449[0m params [38;5;241m=[39m {[38;5;124m'[39m[38;5;124mobsid[39m[38;5;124m'[39m: [38;5;124m'[39m[38;5;124m,[39m[38;5;124m'[39m[38;5;241m.[39mjoin(observations)}
[0;32m--> 451[0m [38;5;28;01mreturn[39;00m [38;5;28;43mself[39;49m[38;5;241;43m.[39;49m[43m_portal_api_connection[49m[38;5;241;43m.[39;49m[43mservice_request_async[49m[43m([49m[43mservice[49m[43m,[49m[43m [49m[43mparams[49m[43m)[49m

File [0;32m/usr/share/miniconda/lib/python3.10/site-packages/astroquery/utils/class_or_instance.py:25[0m, in [0;36mclass_or_instance.__get__.<locals>.f[0;34m(*args, **kwds)[0m
[1;32m     23[0m [38;5;28;01mdef[39;00m [38;5;21mf[39m([38;5;241m*[39margs, [38;5;241m*[39m[38;5;241m*[39mkwds):
[1;32m     24[0m     [38;5;28;01mif[39;00m obj [38;5;129;01mis[39;00m [38;5;129;01mnot[39;00m [38;5;28;01mNone[39;00m:
[0;32m---> 25[0m         [38;5;28;01mreturn[39;00m [38;5;28;43mself[39;49m[38;5;241;43m.[39;49m[43mfn[49m[43m([49m[43mobj[49m[43m,[49m[43m [49m[38;5;241;43m*[39;49m[43margs[49m[43m,[49m[43m [49m[38;5;241;43m*[39;49m[38;5;241;43m*[39;49m[43mkwds[49m[43m)[49m
[1;32m     26[0m     [38;5;28;01melse[39;00m:
[1;32m     27[0m         [38;5;28;01mreturn[39;00m [38;5;28mself[39m[38;5;241m.[39mfn([38;5;28mcls[39m, [38;5;241m*[39margs, [38;5;241m*[39m[38;5;241m*[39mkwds)

File [0;32m/usr/share/miniconda/lib/python3.10/site-packages/astroquery/mast/discovery_portal.py:363[0m, in [0;36mPortalAPI.service_request_async[0;34m(self, service, params, pagesize, page, **kwargs)[0m
[1;32m    360[0m     mashup_request[prop] [38;5;241m=[39m value
[1;32m    362[0m req_string [38;5;241m=[39m _prepare_service_request_string(mashup_request)
[0;32m--> 363[0m response [38;5;241m=[39m [38;5;28;43mself[39;49m[38;5;241;43m.[39;49m[43m_request[49m[43m([49m[38;5;124;43m"[39;49m[38;5;124;43mPOST[39;49m[38;5;124;43m"[39;49m[43m,[49m[43m [49m[38;5;28;43mself[39;49m[38;5;241;43m.[39;49m[43mMAST_REQUEST_URL[49m[43m,[49m[43m [49m[43mdata[49m[38;5;241;43m=[39;49m[43mreq_string[49m[43m,[49m[43m [49m[43mheaders[49m[38;5;241;43m=[39;49m[43mheaders[49m[43m,[49m
[1;32m    364[0m [43m                         [49m[43mretrieve_all[49m[38;5;241;43m=[39;49m[43mretrieve_all[49m[43m)[49m
[1;32m    366[0m [38;5;28;01mreturn[39;00m response

File [0;32m/usr/share/miniconda/lib/python3.10/site-packages/astroquery/mast/discovery_portal.py:190[0m, in [0;36mPortalAPI._request[0;34m(self, method, url, params, data, headers, files, stream, auth, retrieve_all)[0m
[1;32m    187[0m     [38;5;28;01mraise[39;00m [38;5;167;01mTimeoutError[39;00m([38;5;124m"[39m[38;5;124mTimeout limit of [39m[38;5;132;01m{}[39;00m[38;5;124m exceeded.[39m[38;5;124m"[39m[38;5;241m.[39mformat([38;5;28mself[39m[38;5;241m.[39mTIMEOUT))
[1;32m    189[0m [38;5;66;03m# Raising error based on HTTP status if necessary[39;00m
[0;32m--> 190[0m [43mresponse[49m[38;5;241;43m.[39;49m[43mraise_for_status[49m[43m([49m[43m)[49m
[1;32m    192[0m result [38;5;241m=[39m response[38;5;241m.[39mjson()
[1;32m    194[0m [38;5;28;01mif[39;00m [38;5;129;01mnot[39;00m result:  [38;5;66;03m# kind of hacky, but col_config service returns nothing if there is an error[39;00m

File [0;32m/usr/share/miniconda/lib/python3.10/site-packages/requests/models.py:1021[0m, in [0;36mResponse.raise_for_status[0;34m(self)[0m
[1;32m   1016[0m     http_error_msg [38;5;241m=[39m (
[1;32m   1017[0m         [38;5;124mf[39m[38;5;124m"[39m[38;5;132;01m{[39;00m[38;5;28mself[39m[38;5;241m.[39mstatus_code[38;5;132;01m}[39;00m[38;5;124m Server Error: [39m[38;5;132;01m{[39;00mreason[38;5;132;01m}[39;00m[38;5;124m for url: [39m[38;5;132;01m{[39;00m[38;5;28mself[39m[38;5;241m.[39murl[38;5;132;01m}[39;00m[38;5;124m"[39m
[1;32m   1018[0m     )
[1;32m   1020[0m [38;5;28;01mif[39;00m http_error_msg:
[0;32m-> 1021[0m     [38;5;28;01mraise[39;00m HTTPError(http_error_msg, response[38;5;241m=[39m[38;5;28mself[39m)

[0;31mHTTPError[0m: 503 Server Error: Service Unavailable for url: https://mast.stsci.edu/api/v0/invoke
HTTPError: 503 Server Error: Service Unavailable for url: https://mast.stsci.edu/api/v0/invoke

