Traceback (most recent call last):
  File "/usr/share/miniconda/lib/python3.11/site-packages/jupyter_cache/executors/utils.py", line 58, in single_nb_execution
    executenb(
  File "/usr/share/miniconda/lib/python3.11/site-packages/nbclient/client.py", line 1305, in execute
    return NotebookClient(nb=nb, resources=resources, km=km, **kwargs).execute()
           ^^^^^^^^^^^^^^^^^^^^^^^^^^^^^^^^^^^^^^^^^^^^^^^^^^^^^^^^^^^^^^^^^^^^^
  File "/usr/share/miniconda/lib/python3.11/site-packages/jupyter_core/utils/__init__.py", line 166, in wrapped
    return loop.run_until_complete(inner)
           ^^^^^^^^^^^^^^^^^^^^^^^^^^^^^^
  File "/usr/share/miniconda/lib/python3.11/asyncio/base_events.py", line 653, in run_until_complete
    return future.result()
           ^^^^^^^^^^^^^^^
  File "/usr/share/miniconda/lib/python3.11/site-packages/nbclient/client.py", line 705, in async_execute
    await self.async_execute_cell(
  File "/usr/share/miniconda/lib/python3.11/site-packages/nbclient/client.py", line 1058, in async_execute_cell
    await self._check_raise_for_error(cell, cell_index, exec_reply)
  File "/usr/share/miniconda/lib/python3.11/site-packages/nbclient/client.py", line 914, in _check_raise_for_error
    raise CellExecutionError.from_cell_and_msg(cell, exec_reply_content)
nbclient.exceptions.CellExecutionError: An error occurred while executing the following cell:
------------------
gaia_query = Gaia.query_object_async(coordinate=coord, radius=radius)
gaia_query
------------------


[0;31m---------------------------------------------------------------------------[0m
[0;31mHTTPError[0m                                 Traceback (most recent call last)
Cell [0;32mIn[10], line 1[0m
[0;32m----> 1[0m gaia_query [38;5;241m=[39m [43mGaia[49m[38;5;241;43m.[39;49m[43mquery_object_async[49m[43m([49m[43mcoordinate[49m[38;5;241;43m=[39;49m[43mcoord[49m[43m,[49m[43m [49m[43mradius[49m[38;5;241;43m=[39;49m[43mradius[49m[43m)[49m
[1;32m      2[0m gaia_query

File [0;32m/usr/share/miniconda/lib/python3.11/site-packages/astroquery/gaia/core.py:494[0m, in [0;36mGaiaClass.query_object_async[0;34m(self, coordinate, radius, width, height, verbose, columns)[0m
[1;32m    470[0m [38;5;28;01mdef[39;00m [38;5;21mquery_object_async[39m([38;5;28mself[39m, coordinate, radius[38;5;241m=[39m[38;5;28;01mNone[39;00m, width[38;5;241m=[39m[38;5;28;01mNone[39;00m,
[1;32m    471[0m                        height[38;5;241m=[39m[38;5;28;01mNone[39;00m, verbose[38;5;241m=[39m[38;5;28;01mFalse[39;00m, columns[38;5;241m=[39m[]):
[1;32m    472[0m [38;5;250m    [39m[38;5;124;03m"""Launches a job (async)[39;00m
[1;32m    473[0m [38;5;124;03m    TAP & TAP+[39;00m
[1;32m    474[0m 
[0;32m   (...)[0m
[1;32m    492[0m [38;5;124;03m    The job results (astropy.table).[39;00m
[1;32m    493[0m [38;5;124;03m    """[39;00m
[0;32m--> 494[0m     [38;5;28;01mreturn[39;00m [38;5;28;43mself[39;49m[38;5;241;43m.[39;49m[43m__query_object[49m[43m([49m[43mcoordinate[49m[43m,[49m[43m [49m[43mradius[49m[43m,[49m[43m [49m[43mwidth[49m[43m,[49m[43m [49m[43mheight[49m[43m,[49m[43m [49m[43masync_job[49m[38;5;241;43m=[39;49m[38;5;28;43;01mTrue[39;49;00m[43m,[49m[43m [49m[43mverbose[49m[38;5;241;43m=[39;49m[43mverbose[49m[43m,[49m[43m [49m[43mcolumns[49m[38;5;241;43m=[39;49m[43mcolumns[49m[43m)[49m

File [0;32m/usr/share/miniconda/lib/python3.11/site-packages/astroquery/gaia/core.py:395[0m, in [0;36mGaiaClass.__query_object[0;34m(self, coordinate, radius, width, height, async_job, verbose, columns)[0m
[1;32m    393[0m job [38;5;241m=[39m [38;5;28;01mNone[39;00m
[1;32m    394[0m [38;5;28;01mif[39;00m radius [38;5;129;01mis[39;00m [38;5;129;01mnot[39;00m [38;5;28;01mNone[39;00m:
[0;32m--> 395[0m     job [38;5;241m=[39m [38;5;28;43mself[39;49m[38;5;241;43m.[39;49m[43m__cone_search[49m[43m([49m[43mcoord[49m[43m,[49m[43m [49m[43mradius[49m[43m,[49m[43m [49m[43masync_job[49m[38;5;241;43m=[39;49m[43masync_job[49m[43m,[49m
[1;32m    396[0m [43m                             [49m[43mverbose[49m[38;5;241;43m=[39;49m[43mverbose[49m[43m,[49m[43m [49m[43mcolumns[49m[38;5;241;43m=[39;49m[43mcolumns[49m[43m)[49m
[1;32m    397[0m [38;5;28;01melse[39;00m:
[1;32m    398[0m     raHours, dec [38;5;241m=[39m commons[38;5;241m.[39mcoord_to_radec(coord)

File [0;32m/usr/share/miniconda/lib/python3.11/site-packages/astroquery/gaia/core.py:577[0m, in [0;36mGaiaClass.__cone_search[0;34m(self, coordinate, radius, table_name, ra_column_name, dec_column_name, async_job, background, output_file, output_format, verbose, dump_to_file, columns)[0m
[1;32m    553[0m query [38;5;241m=[39m [38;5;124m"""[39m
[1;32m    554[0m [38;5;124m        SELECT[39m
[1;32m    555[0m [38;5;124m          [39m[38;5;132;01m{row_limit}[39;00m
[0;32m   (...)[0m
[1;32m    573[0m                       [38;5;124m'[39m[38;5;124mradius[39m[38;5;124m'[39m: radiusDeg,
[1;32m    574[0m                       [38;5;124m'[39m[38;5;124mtable_name[39m[38;5;124m'[39m: table_name [38;5;129;01mor[39;00m [38;5;28mself[39m[38;5;241m.[39mMAIN_GAIA_TABLE [38;5;129;01mor[39;00m conf[38;5;241m.[39mMAIN_GAIA_TABLE})
[1;32m    576[0m [38;5;28;01mif[39;00m async_job:
[0;32m--> 577[0m     [38;5;28;01mreturn[39;00m [38;5;28;43mself[39;49m[38;5;241;43m.[39;49m[43mlaunch_job_async[49m[43m([49m[43mquery[49m[38;5;241;43m=[39;49m[43mquery[49m[43m,[49m
[1;32m    578[0m [43m                                 [49m[43moutput_file[49m[38;5;241;43m=[39;49m[43moutput_file[49m[43m,[49m
[1;32m    579[0m [43m                                 [49m[43moutput_format[49m[38;5;241;43m=[39;49m[43moutput_format[49m[43m,[49m
[1;32m    580[0m [43m                                 [49m[43mverbose[49m[38;5;241;43m=[39;49m[43mverbose[49m[43m,[49m
[1;32m    581[0m [43m                                 [49m[43mdump_to_file[49m[38;5;241;43m=[39;49m[43mdump_to_file[49m[43m,[49m
[1;32m    582[0m [43m                                 [49m[43mbackground[49m[38;5;241;43m=[39;49m[43mbackground[49m[43m)[49m
[1;32m    583[0m [38;5;28;01melse[39;00m:
[1;32m    584[0m     [38;5;28;01mreturn[39;00m [38;5;28mself[39m[38;5;241m.[39mlaunch_job(query[38;5;241m=[39mquery,
[1;32m    585[0m                            output_file[38;5;241m=[39moutput_file,
[1;32m    586[0m                            output_format[38;5;241m=[39moutput_format,
[1;32m    587[0m                            verbose[38;5;241m=[39mverbose,
[1;32m    588[0m                            dump_to_file[38;5;241m=[39mdump_to_file)

File [0;32m/usr/share/miniconda/lib/python3.11/site-packages/astroquery/gaia/core.py:903[0m, in [0;36mGaiaClass.launch_job_async[0;34m(self, query, name, output_file, output_format, verbose, dump_to_file, background, upload_resource, upload_table_name, autorun)[0m
[1;32m    862[0m [38;5;28;01mdef[39;00m [38;5;21mlaunch_job_async[39m([38;5;28mself[39m, query, name[38;5;241m=[39m[38;5;28;01mNone[39;00m, output_file[38;5;241m=[39m[38;5;28;01mNone[39;00m,
[1;32m    863[0m                      output_format[38;5;241m=[39m[38;5;124m"[39m[38;5;124mvotable[39m[38;5;124m"[39m, verbose[38;5;241m=[39m[38;5;28;01mFalse[39;00m,
[1;32m    864[0m                      dump_to_file[38;5;241m=[39m[38;5;28;01mFalse[39;00m, background[38;5;241m=[39m[38;5;28;01mFalse[39;00m,
[1;32m    865[0m                      upload_resource[38;5;241m=[39m[38;5;28;01mNone[39;00m, upload_table_name[38;5;241m=[39m[38;5;28;01mNone[39;00m,
[1;32m    866[0m                      autorun[38;5;241m=[39m[38;5;28;01mTrue[39;00m):
[1;32m    867[0m [38;5;250m    [39m[38;5;124;03m"""Launches an asynchronous job[39;00m
[1;32m    868[0m 
[1;32m    869[0m [38;5;124;03m    Parameters[39;00m
[0;32m   (...)[0m
[1;32m    901[0m [38;5;124;03m    A Job object[39;00m
[1;32m    902[0m [38;5;124;03m    """[39;00m
[0;32m--> 903[0m     [38;5;28;01mreturn[39;00m [43mTapPlus[49m[38;5;241;43m.[39;49m[43mlaunch_job_async[49m[43m([49m[38;5;28;43mself[39;49m[43m,[49m[43m [49m[43mquery[49m[38;5;241;43m=[39;49m[43mquery[49m[43m,[49m
[1;32m    904[0m [43m                                    [49m[43mname[49m[38;5;241;43m=[39;49m[43mname[49m[43m,[49m
[1;32m    905[0m [43m                                    [49m[43moutput_file[49m[38;5;241;43m=[39;49m[43moutput_file[49m[43m,[49m
[1;32m    906[0m [43m                                    [49m[43moutput_format[49m[38;5;241;43m=[39;49m[43moutput_format[49m[43m,[49m
[1;32m    907[0m [43m                                    [49m[43mverbose[49m[38;5;241;43m=[39;49m[43mverbose[49m[43m,[49m
[1;32m    908[0m [43m                                    [49m[43mdump_to_file[49m[38;5;241;43m=[39;49m[43mdump_to_file[49m[43m,[49m
[1;32m    909[0m [43m                                    [49m[43mbackground[49m[38;5;241;43m=[39;49m[43mbackground[49m[43m,[49m
[1;32m    910[0m [43m                                    [49m[43mupload_resource[49m[38;5;241;43m=[39;49m[43mupload_resource[49m[43m,[49m
[1;32m    911[0m [43m                                    [49m[43mupload_table_name[49m[38;5;241;43m=[39;49m[43mupload_table_name[49m[43m,[49m
[1;32m    912[0m [43m                                    [49m[43mautorun[49m[38;5;241;43m=[39;49m[43mautorun[49m[43m)[49m

File [0;32m/usr/share/miniconda/lib/python3.11/site-packages/astroquery/utils/tap/core.py:440[0m, in [0;36mTap.launch_job_async[0;34m(self, query, name, output_file, output_format, verbose, dump_to_file, background, upload_resource, upload_table_name, autorun)[0m
[1;32m    437[0m             [38;5;28mprint[39m([38;5;124mf[39m[38;5;124m"[39m[38;5;124mSaving error to: [39m[38;5;132;01m{[39;00msuitableOutputFile[38;5;132;01m}[39;00m[38;5;124m"[39m)
[1;32m    438[0m         [38;5;28mself[39m[38;5;241m.[39m__connHandler[38;5;241m.[39mdump_to_file(suitableOutputFile,
[1;32m    439[0m                                         response)
[0;32m--> 440[0m     [38;5;28;01mraise[39;00m requests[38;5;241m.[39mexceptions[38;5;241m.[39mHTTPError(response[38;5;241m.[39mreason)
[1;32m    441[0m [38;5;28;01melse[39;00m:
[1;32m    442[0m     location [38;5;241m=[39m [38;5;28mself[39m[38;5;241m.[39m__connHandler[38;5;241m.[39mfind_header(
[1;32m    443[0m         response[38;5;241m.[39mgetheaders(),
[1;32m    444[0m         [38;5;124m"[39m[38;5;124mlocation[39m[38;5;124m"[39m)

[0;31mHTTPError[0m: 500

