2024256063356 INFO src=hasp_retrieve_inputs.filter_out_low_quality_datasets msg="Removed COS singleton lbui11faq"
2024256063357 INFO src=hasp_retrieve_inputs.filter_out_low_quality_inputs fsn=bui msg="Removed 1 entry due to low quality"
2024256063357 INFO src=hasp_retrieve_inputs-hap_verify_poller_file.remove_entries_to_skip msg="Checking whether any ipppssoots are in the SkipAlignment table"
2024256063357 INFO src=hasp_retrieve_inputs-hap_verify_poller_file.remove_entries_to_skip msg="No exposures for this visit are in the SkipAlignment table. This visit will be processed fully."

2024256063426 INFO src=hasp_coadds.get_resource_path_values msg="Using haspsp.resource and repro_sci.path"
2024256063426 INFO src=hasp_coadds-run_swrapper.run_swrapper_script fsn=bui msg="Running swrapper -i ...bui -o ...bui in the calibration software conda environment: caldp_20240813"
HASP version 1.0
Ullyses version 4.1.0
File ...lbui51l6q_x1d.fits removed from products because FGSLOCK = FINE/GYRO
File ...lbui51lcq_x1d.fits removed from products because FGSLOCK = FINE/GYRO
File ...lbui51lrq_x1d.fits removed from products because FGSLOCK = FINE/GYRO
File ...lbui51ltq_x1d.fits removed from products because FGSLOCK = FINE/GYRO
File ...lbui51lvq_x1d.fits removed from products because FGSLOCK = FINE/GYRO
File ...lbui51m5q_x1d.fits removed from products because FGSLOCK = FINE/GYRO
File ...lbui51m7q_x1d.fits removed from products because FGSLOCK = FINE/GYRO
File ...lbui51mbq_x1d.fits removed from products because FGSLOCK = FINE/GYRO
File ...lbui51mdq_x1d.fits removed from products because FGSLOCK = FINE/GYRO
Creating list of unique modes from these files:
...lbui01e7s_x1d.fits WD0947+857 COS FUV G140L PSA 12715 (12715, '01')
...lbui01ebs_x1d.fits WD0947+857 COS FUV G140L PSA 12715 (12715, '01')
...lbui01eds_x1d.fits WD0947+857 COS FUV G130M PSA 12715 (12715, '01')
...lbui01efs_x1d.fits WD0947+857 COS FUV G130M PSA 12715 (12715, '01')
...lbui01ehs_x1d.fits WD0947+857 COS FUV G130M PSA 12715 (12715, '01')
...lbui02f1q_x1d.fits WD0947+857 COS FUV G140L PSA 12715 (12715, '02')
...lbui02f3q_x1d.fits WD0947+857 COS FUV G140L PSA 12715 (12715, '02')
...lbui02f5q_x1d.fits WD0947+857 COS FUV G130M PSA 12715 (12715, '02')
...lbui02f7q_x1d.fits WD0947+857 COS FUV G130M PSA 12715 (12715, '02')
...lbui02f9q_x1d.fits WD0947+857 COS FUV G130M PSA 12715 (12715, '02')
...lbui03m6q_x1d.fits WD0947+857 COS FUV G140L PSA 12715 (12715, '03')
...lbui03maq_x1d.fits WD0947+857 COS FUV G140L PSA 12715 (12715, '03')
...lbui03mkq_x1d.fits WD0947+857 COS FUV G130M PSA 12715 (12715, '03')
...lbui03mmq_x1d.fits WD0947+857 COS FUV G130M PSA 12715 (12715, '03')
...lbui03mpq_x1d.fits WD0947+857 COS FUV G130M PSA 12715 (12715, '03')
...lbui04m6q_x1d.fits WD0947+857 COS FUV G140L PSA 12715 (12715, '04')
...lbui04meq_x1d.fits WD0947+857 COS FUV G140L PSA 12715 (12715, '04')
...lbui04mhq_x1d.fits WD0947+857 COS FUV G130M PSA 12715 (12715, '04')
...lbui04mlq_x1d.fits WD0947+857 COS FUV G130M PSA 12715 (12715, '04')
...lbui04mnq_x1d.fits WD0947+857 COS FUV G130M PSA 12715 (12715, '04')
...lbui05aaq_x1d.fits WD0947+857 COS FUV G140L PSA 12715 (12715, '05')
...lbui05acq_x1d.fits WD0947+857 COS FUV G140L PSA 12715 (12715, '05')
...lbui05ajq_x1d.fits WD0947+857 COS FUV G130M PSA 12715 (12715, '05')
...lbui05amq_x1d.fits WD0947+857 COS FUV G130M PSA 12715 (12715, '05')
...lbui05aoq_x1d.fits WD0947+857 COS FUV G130M PSA 12715 (12715, '05')
...lbui06guq_x1d.fits WD0947+857 COS FUV G140L PSA 12715 (12715, '06')
...lbui06gyq_x1d.fits WD0947+857 COS FUV G140L PSA 12715 (12715, '06')
...lbui06h0q_x1d.fits WD0947+857 COS FUV G130M PSA 12715 (12715, '06')
...lbui06h2q_x1d.fits WD0947+857 COS FUV G130M PSA 12715 (12715, '06')
...lbui06h4q_x1d.fits WD0947+857 COS FUV G130M PSA 12715 (12715, '06')
...lbui07dkq_x1d.fits WD0947+857 COS FUV G140L PSA 12715 (12715, '07')
...lbui07dpq_x1d.fits WD0947+857 COS FUV G140L PSA 12715 (12715, '07')
...lbui07duq_x1d.fits WD0947+857 COS FUV G130M PSA 12715 (12715, '07')
...lbui07dwq_x1d.fits WD0947+857 COS FUV G130M PSA 12715 (12715, '07')
...lbui07e2q_x1d.fits WD0947+857 COS FUV G130M PSA 12715 (12715, '07')
...lbui08c6q_x1d.fits WD0947+857 COS FUV G140L PSA 12715 (12715, '08')
...lbui08coq_x1d.fits WD0947+857 COS FUV G140L PSA 12715 (12715, '08')
...lbui08ctq_x1d.fits WD0947+857 COS FUV G130M PSA 12715 (12715, '08')
...lbui08cvq_x1d.fits WD0947+857 COS FUV G130M PSA 12715 (12715, '08')
...lbui08cxq_x1d.fits WD0947+857 COS FUV G130M PSA 12715 (12715, '08')
...lbui09bgq_x1d.fits WD0947+857 COS FUV G140L PSA 12715 (12715, '09')
...lbui09bjq_x1d.fits WD0947+857 COS FUV G140L PSA 12715 (12715, '09')
...lbui09boq_x1d.fits WD0947+857 COS FUV G130M PSA 12715 (12715, '09')
...lbui09bqq_x1d.fits WD0947+857 COS FUV G130M PSA 12715 (12715, '09')
...lbui09bsq_x1d.fits WD0947+857 COS FUV G130M PSA 12715 (12715, '09')
...lbui10teq_x1d.fits WD0947+857 COS FUV G140L PSA 12715 (12715, '10')
...lbui10tgq_x1d.fits WD0947+857 COS FUV G140L PSA 12715 (12715, '10')
...lbui10tiq_x1d.fits WD0947+857 COS FUV G130M PSA 12715 (12715, '10')
...lbui10tkq_x1d.fits WD0947+857 COS FUV G130M PSA 12715 (12715, '10')
...lbui10tmq_x1d.fits WD0947+857 COS FUV G130M PSA 12715 (12715, '10')
...lbui11evq_x1d.fits WD0947+857 COS FUV G140L PSA 12715 (12715, '11')
...lbui11f0q_x1d.fits WD0947+857 COS FUV G140L PSA 12715 (12715, '11')
...lbui11f8q_x1d.fits WD0947+857 COS FUV G130M PSA 12715 (12715, '11')
...lbui12ycq_x1d.fits WD0947+857 COS FUV G140L PSA 12715 (12715, '12')
...lbui12ygq_x1d.fits WD0947+857 COS FUV G140L PSA 12715 (12715, '12')
...lbui12yiq_x1d.fits WD0947+857 COS FUV G130M PSA 12715 (12715, '12')
...lbui12ykq_x1d.fits WD0947+857 COS FUV G130M PSA 12715 (12715, '12')
...lbui12ymq_x1d.fits WD0947+857 COS FUV G130M PSA 12715 (12715, '12')
...lbui13jhq_x1d.fits WD0947+857 COS FUV G140L PSA 12715 (12715, '13')
...lbui13jmq_x1d.fits WD0947+857 COS FUV G140L PSA 12715 (12715, '13')
...lbui13joq_x1d.fits WD0947+857 COS FUV G130M PSA 12715 (12715, '13')
...lbui13jqq_x1d.fits WD0947+857 COS FUV G130M PSA 12715 (12715, '13')
...lbui13jsq_x1d.fits WD0947+857 COS FUV G130M PSA 12715 (12715, '13')
...lbui14hiq_x1d.fits WD0947+857 COS FUV G140L PSA 12715 (12715, '14')
...lbui14ibq_x1d.fits WD0947+857 COS FUV G140L PSA 12715 (12715, '14')
...lbui14idq_x1d.fits WD0947+857 COS FUV G130M PSA 12715 (12715, '14')
...lbui14igq_x1d.fits WD0947+857 COS FUV G130M PSA 12715 (12715, '14')
...lbui14iiq_x1d.fits WD0947+857 COS FUV G130M PSA 12715 (12715, '14')
...lbui20loq_x1d.fits WD1057+719 COS FUV G160M PSA 12715 (12715, '20')
...lbui20lqq_x1d.fits WD1057+719 COS FUV G160M PSA 12715 (12715, '20')
...lbui20lsq_x1d.fits WD1057+719 COS FUV G160M PSA 12715 (12715, '20')
...lbui21fjq_x1d.fits WD1057+719 COS FUV G160M PSA 12715 (12715, '21')
...lbui21fmq_x1d.fits WD1057+719 COS FUV G160M PSA 12715 (12715, '21')
...lbui21fqq_x1d.fits WD1057+719 COS FUV G160M PSA 12715 (12715, '21')
...lbui22lqq_x1d.fits WD1057+719 COS FUV G160M PSA 12715 (12715, '22')
...lbui22lsq_x1d.fits WD1057+719 COS FUV G160M PSA 12715 (12715, '22')
...lbui22luq_x1d.fits WD1057+719 COS FUV G160M PSA 12715 (12715, '22')
...lbui23v5q_x1d.fits WD1057+719 COS FUV G160M PSA 12715 (12715, '23')
...lbui23v7q_x1d.fits WD1057+719 COS FUV G160M PSA 12715 (12715, '23')
...lbui23v9q_x1d.fits WD1057+719 COS FUV G160M PSA 12715 (12715, '23')
...lbui24eaq_x1d.fits WD1057+719 COS FUV G160M PSA 12715 (12715, '24')
...lbui24ecq_x1d.fits WD1057+719 COS FUV G160M PSA 12715 (12715, '24')
...lbui24eeq_x1d.fits WD1057+719 COS FUV G160M PSA 12715 (12715, '24')
...lbui25asq_x1d.fits WD1057+719 COS FUV G160M PSA 12715 (12715, '25')
...lbui25auq_x1d.fits WD1057+719 COS FUV G160M PSA 12715 (12715, '25')
...lbui25b3q_x1d.fits WD1057+719 COS FUV G160M PSA 12715 (12715, '25')
...lbui26e7q_x1d.fits WD1057+719 COS FUV G160M PSA 12715 (12715, '26')
...lbui26ebq_x1d.fits WD1057+719 COS FUV G160M PSA 12715 (12715, '26')
...lbui26edq_x1d.fits WD1057+719 COS FUV G160M PSA 12715 (12715, '26')
...lbui27g1q_x1d.fits WD1057+719 COS FUV G160M PSA 12715 (12715, '27')
...lbui27g3q_x1d.fits WD1057+719 COS FUV G160M PSA 12715 (12715, '27')
...lbui27g6q_x1d.fits WD1057+719 COS FUV G160M PSA 12715 (12715, '27')
...lbui28c0q_x1d.fits WD1057+719 COS FUV G160M PSA 12715 (12715, '28')
...lbui28c2q_x1d.fits WD1057+719 COS FUV G160M PSA 12715 (12715, '28')
...lbui28c4q_x1d.fits WD1057+719 COS FUV G160M PSA 12715 (12715, '28')
...lbui29gmq_x1d.fits WD1057+719 COS FUV G160M PSA 12715 (12715, '29')
...lbui29goq_x1d.fits WD1057+719 COS FUV G160M PSA 12715 (12715, '29')
...lbui29gqq_x1d.fits WD1057+719 COS FUV G160M PSA 12715 (12715, '29')
...lbui40nfq_x1d.fits GD71 COS FUV G130M PSA 12715 (12715, '40')
...lbui40nhq_x1d.fits GD71 COS FUV G160M PSA 12715 (12715, '40')
...lbui40njq_x1d.fits GD71 COS FUV G160M PSA 12715 (12715, '40')
...lbui40nlq_x1d.fits GD71 COS FUV G160M PSA 12715 (12715, '40')
...lbui41i2q_x1d.fits GD71 COS FUV G130M PSA 12715 (12715, '41')
...lbui41i4q_x1d.fits GD71 COS FUV G160M PSA 12715 (12715, '41')
...lbui41i6q_x1d.fits GD71 COS FUV G160M PSA 12715 (12715, '41')
...lbui41i8q_x1d.fits GD71 COS FUV G160M PSA 12715 (12715, '41')
...lbui50qnq_x1d.fits WD0308-565 COS FUV G130M PSA 12715 (12715, '50')
...lbui50qpq_x1d.fits WD0308-565 COS FUV G130M PSA 12715 (12715, '50')
...lbui50qrq_x1d.fits WD0308-565 COS FUV G130M PSA 12715 (12715, '50')
...lbui50qtq_x1d.fits WD0308-565 COS FUV G130M PSA 12715 (12715, '50')
...lbui50qvq_x1d.fits WD0308-565 COS FUV G160M PSA 12715 (12715, '50')
...lbui50qzq_x1d.fits WD0308-565 COS FUV G160M PSA 12715 (12715, '50')
...lbui50r1q_x1d.fits WD0308-565 COS FUV G160M PSA 12715 (12715, '50')
...lbui50r3q_x1d.fits WD0308-565 COS FUV G140L PSA 12715 (12715, '50')
...lbui50r5q_x1d.fits WD0308-565 COS FUV G140L PSA 12715 (12715, '50')
Looping over visits
Processing product (12715, '01')
Targets in visit (12715, '01'): ['WD0947+857']
Processing target WD0947+857 in visit (12715, '01')
Processing grating COS/G140L
Importing files ['...lbui01e7s_x1d.fits', '...lbui01ebs_x1d.fits']
Processing file ...lbui01e7s_x1d.fits
Processing file ...lbui01ebs_x1d.fits
Using a maximum SNR of 20.0 in flux-based filtering
   Wrote ...hst_12715_cos_wd0947p857_cg140l_lbui01_cspec.fits
Processing grating COS/G130M
Importing files ['...lbui01eds_x1d.fits', '...lbui01efs_x1d.fits', '...lbui01ehs_x1d.fits']
Processing file ...lbui01eds_x1d.fits
Processing file ...lbui01efs_x1d.fits
Processing file ...lbui01ehs_x1d.fits
Using a maximum SNR of 20.0 in flux-based filtering
   Wrote ...hst_12715_cos_wd0947p857_g130m_lbui01_cspec.fits
Making a product from these gratings
COS/G130M 900-1470 (Actual: 1135.5-1467.7)
COS/G140L 901-2150 (Actual: 34.1-2375.3)
Transition wavelengths tweaked
Starting at the short wavelength end with grating COS/G140L
Abutting COS/G130M product to current result
With a transition wavelength of 1135.4986837207214
Abutting COS/G140L product to current result
With a transition wavelength of 1467.6540696724526
Truncating current grating at 2150
   Wrote ...hst_12715_cos_wd0947p857_cg140l-g130m_lbui01_cspec.fits
Processing product (12715, '02')
Targets in visit (12715, '02'): ['WD0947+857']
Processing target WD0947+857 in visit (12715, '02')
Processing grating COS/G140L
Importing files ['...lbui02f1q_x1d.fits', '...lbui02f3q_x1d.fits']
Processing file ...lbui02f1q_x1d.fits
Processing file ...lbui02f3q_x1d.fits
Using a maximum SNR of 20.0 in flux-based filtering
   Wrote ...hst_12715_cos_wd0947p857_cg140l_lbui02_cspec.fits
Processing grating COS/G130M
Importing files ['...lbui02f5q_x1d.fits', '...lbui02f7q_x1d.fits', '...lbui02f9q_x1d.fits']
Processing file ...lbui02f5q_x1d.fits
Processing file ...lbui02f7q_x1d.fits
Processing file ...lbui02f9q_x1d.fits
Using a maximum SNR of 20.0 in flux-based filtering
   Wrote ...hst_12715_cos_wd0947p857_g130m_lbui02_cspec.fits
Making a product from these gratings
COS/G130M 900-1470 (Actual: 1135.5-1467.7)
COS/G140L 901-2150 (Actual: 34.1-2375.4)
Transition wavelengths tweaked
Starting at the short wavelength end with grating COS/G140L
Abutting COS/G130M product to current result
With a transition wavelength of 1135.498564183308
Abutting COS/G140L product to current result
With a transition wavelength of 1467.7203062809126
Truncating current grating at 2150
   Wrote ...hst_12715_cos_wd0947p857_cg140l-g130m_lbui02_cspec.fits
Processing product (12715, '03')
Targets in visit (12715, '03'): ['WD0947+857']
Processing target WD0947+857 in visit (12715, '03')
Processing grating COS/G140L
Importing files ['...lbui03m6q_x1d.fits', '...lbui03maq_x1d.fits']
Processing file ...lbui03m6q_x1d.fits
Processing file ...lbui03maq_x1d.fits
Using a maximum SNR of 20.0 in flux-based filtering
   Wrote ...hst_12715_cos_wd0947p857_cg140l_lbui03_cspec.fits
Processing grating COS/G130M
Importing files ['...lbui03mkq_x1d.fits', '...lbui03mmq_x1d.fits', '...lbui03mpq_x1d.fits']
Processing file ...lbui03mkq_x1d.fits
Processing file ...lbui03mmq_x1d.fits
Processing file ...lbui03mpq_x1d.fits
Using a maximum SNR of 20.0 in flux-based filtering
   Wrote ...hst_12715_cos_wd0947p857_g130m_lbui03_cspec.fits
Making a product from these gratings
COS/G130M 900-1470 (Actual: 1135.5-1467.7)
COS/G140L 901-2150 (Actual: 33.8-2375.0)
Transition wavelengths tweaked
Starting at the short wavelength end with grating COS/G140L
Abutting COS/G130M product to current result
With a transition wavelength of 1135.5381151555819
Abutting COS/G140L product to current result
With a transition wavelength of 1467.6603166607663
Truncating current grating at 2150
   Wrote ...hst_12715_cos_wd0947p857_cg140l-g130m_lbui03_cspec.fits
Processing product (12715, '04')
Targets in visit (12715, '04'): ['WD0947+857']
Processing target WD0947+857 in visit (12715, '04')
Processing grating COS/G140L
Importing files ['...lbui04m6q_x1d.fits', '...lbui04meq_x1d.fits']
Processing file ...lbui04m6q_x1d.fits
Processing file ...lbui04meq_x1d.fits
Using a maximum SNR of 20.0 in flux-based filtering
   Wrote ...hst_12715_cos_wd0947p857_cg140l_lbui04_cspec.fits
Processing grating COS/G130M
Importing files ['...lbui04mhq_x1d.fits', '...lbui04mlq_x1d.fits', '...lbui04mnq_x1d.fits']
Processing file ...lbui04mhq_x1d.fits
Processing file ...lbui04mlq_x1d.fits
Processing file ...lbui04mnq_x1d.fits
Using a maximum SNR of 20.0 in flux-based filtering
   Wrote ...hst_12715_cos_wd0947p857_g130m_lbui04_cspec.fits
Making a product from these gratings
COS/G130M 900-1470 (Actual: 1135.5-1467.5)
COS/G140L 901-2150 (Actual: 35.1-2376.2)
Transition wavelengths tweaked
Starting at the short wavelength end with grating COS/G140L
Abutting COS/G130M product to current result
With a transition wavelength of 1135.547851151969
Abutting COS/G140L product to current result
With a transition wavelength of 1467.483752226618
Truncating current grating at 2150
   Wrote ...hst_12715_cos_wd0947p857_cg140l-g130m_lbui04_cspec.fits
Processing product (12715, '05')
Targets in visit (12715, '05'): ['WD0947+857']
Processing target WD0947+857 in visit (12715, '05')
Processing grating COS/G140L
Importing files ['...lbui05aaq_x1d.fits', '...lbui05acq_x1d.fits']
Processing file ...lbui05aaq_x1d.fits
Processing file ...lbui05acq_x1d.fits
Using a maximum SNR of 20.0 in flux-based filtering
   Wrote ...hst_12715_cos_wd0947p857_cg140l_lbui05_cspec.fits
Processing grating COS/G130M
Importing files ['...lbui05ajq_x1d.fits', '...lbui05amq_x1d.fits', '...lbui05aoq_x1d.fits']
Processing file ...lbui05ajq_x1d.fits
Processing file ...lbui05amq_x1d.fits
Processing file ...lbui05aoq_x1d.fits
Using a maximum SNR of 20.0 in flux-based filtering
   Wrote ...hst_12715_cos_wd0947p857_g130m_lbui05_cspec.fits
Making a product from these gratings
COS/G130M 900-1470 (Actual: 1135.6-1467.5)
COS/G140L 901-2150 (Actual: 33.6-2374.6)
Transition wavelengths tweaked
Starting at the short wavelength end with grating COS/G140L
Abutting COS/G130M product to current result
With a transition wavelength of 1135.5776692230786
Abutting COS/G140L product to current result
With a transition wavelength of 1467.5007700759393
Truncating current grating at 2150
   Wrote ...hst_12715_cos_wd0947p857_cg140l-g130m_lbui05_cspec.fits
Processing product (12715, '06')
Targets in visit (12715, '06'): ['WD0947+857']
Processing target WD0947+857 in visit (12715, '06')
Processing grating COS/G140L
Importing files ['...lbui06guq_x1d.fits', '...lbui06gyq_x1d.fits']
Processing file ...lbui06guq_x1d.fits
Processing file ...lbui06gyq_x1d.fits
Using a maximum SNR of 20.0 in flux-based filtering
   Wrote ...hst_12715_cos_wd0947p857_cg140l_lbui06_cspec.fits
Processing grating COS/G130M
Importing files ['...lbui06h0q_x1d.fits', '...lbui06h2q_x1d.fits', '...lbui06h4q_x1d.fits']
Processing file ...lbui06h0q_x1d.fits
Processing file ...lbui06h2q_x1d.fits
Processing file ...lbui06h4q_x1d.fits
Using a maximum SNR of 20.0 in flux-based filtering
   Wrote ...hst_12715_cos_wd0947p857_g130m_lbui06_cspec.fits
Making a product from these gratings
COS/G130M 900-1470 (Actual: 1135.6-1467.5)
COS/G140L 901-2150 (Actual: 33.5-2374.6)
Transition wavelengths tweaked
Starting at the short wavelength end with grating COS/G140L
Abutting COS/G130M product to current result
With a transition wavelength of 1135.5576320156147
Abutting COS/G140L product to current result
With a transition wavelength of 1467.4780648367832
Truncating current grating at 2150
   Wrote ...hst_12715_cos_wd0947p857_cg140l-g130m_lbui06_cspec.fits
Processing product (12715, '07')
Targets in visit (12715, '07'): ['WD0947+857']
Processing target WD0947+857 in visit (12715, '07')
Processing grating COS/G140L
Importing files ['...lbui07dkq_x1d.fits', '...lbui07dpq_x1d.fits']
Processing file ...lbui07dkq_x1d.fits
Processing file ...lbui07dpq_x1d.fits
Using a maximum SNR of 20.0 in flux-based filtering
   Wrote ...hst_12715_cos_wd0947p857_cg140l_lbui07_cspec.fits
Processing grating COS/G130M
Importing files ['...lbui07duq_x1d.fits', '...lbui07dwq_x1d.fits', '...lbui07e2q_x1d.fits']
Processing file ...lbui07duq_x1d.fits
Processing file ...lbui07dwq_x1d.fits
Processing file ...lbui07e2q_x1d.fits
Using a maximum SNR of 20.0 in flux-based filtering
   Wrote ...hst_12715_cos_wd0947p857_g130m_lbui07_cspec.fits
Making a product from these gratings
COS/G130M 900-1470 (Actual: 1135.5-1467.5)
COS/G140L 901-2150 (Actual: 33.5-2374.6)
Transition wavelengths tweaked
Starting at the short wavelength end with grating COS/G140L
Abutting COS/G130M product to current result
With a transition wavelength of 1135.4877684786334
Abutting COS/G140L product to current result
With a transition wavelength of 1467.5062159578852
Truncating current grating at 2150
   Wrote ...hst_12715_cos_wd0947p857_cg140l-g130m_lbui07_cspec.fits
Processing product (12715, '08')
Targets in visit (12715, '08'): ['WD0947+857']
Processing target WD0947+857 in visit (12715, '08')
Processing grating COS/G140L
Importing files ['...lbui08c6q_x1d.fits', '...lbui08coq_x1d.fits']
Processing file ...lbui08c6q_x1d.fits
Processing file ...lbui08coq_x1d.fits
Using a maximum SNR of 20.0 in flux-based filtering
   Wrote ...hst_12715_cos_wd0947p857_cg140l_lbui08_cspec.fits
Processing grating COS/G130M
Importing files ['...lbui08ctq_x1d.fits', '...lbui08cvq_x1d.fits', '...lbui08cxq_x1d.fits']
Processing file ...lbui08ctq_x1d.fits
Processing file ...lbui08cvq_x1d.fits
Processing file ...lbui08cxq_x1d.fits
Using a maximum SNR of 20.0 in flux-based filtering
   Wrote ...hst_12715_cos_wd0947p857_g130m_lbui08_cspec.fits
Making a product from these gratings
COS/G130M 900-1470 (Actual: 1135.4-1467.5)
COS/G140L 901-2150 (Actual: 34.0-2375.0)
Transition wavelengths tweaked
Starting at the short wavelength end with grating COS/G140L
Abutting COS/G130M product to current result
With a transition wavelength of 1135.3880144897362
Abutting COS/G140L product to current result
With a transition wavelength of 1467.5351131098173
Truncating current grating at 2150
   Wrote ...hst_12715_cos_wd0947p857_cg140l-g130m_lbui08_cspec.fits
Processing product (12715, '09')
Targets in visit (12715, '09'): ['WD0947+857']
Processing target WD0947+857 in visit (12715, '09')
Processing grating COS/G140L
Importing files ['...lbui09bgq_x1d.fits', '...lbui09bjq_x1d.fits']
Processing file ...lbui09bgq_x1d.fits
Processing file ...lbui09bjq_x1d.fits
Using a maximum SNR of 20.0 in flux-based filtering
   Wrote ...hst_12715_cos_wd0947p857_cg140l_lbui09_cspec.fits
Processing grating COS/G130M
Importing files ['...lbui09boq_x1d.fits', '...lbui09bqq_x1d.fits', '...lbui09bsq_x1d.fits']
Processing file ...lbui09boq_x1d.fits
Processing file ...lbui09bqq_x1d.fits
Processing file ...lbui09bsq_x1d.fits
Using a maximum SNR of 20.0 in flux-based filtering
   Wrote ...hst_12715_cos_wd0947p857_g130m_lbui09_cspec.fits
Making a product from these gratings
COS/G130M 900-1470 (Actual: 1135.4-1467.4)
COS/G140L 901-2150 (Actual: 34.0-2375.1)
Transition wavelengths tweaked
Starting at the short wavelength end with grating COS/G140L
Abutting COS/G130M product to current result
With a transition wavelength of 1135.4278962806502
Abutting COS/G140L product to current result
With a transition wavelength of 1467.4252356102202
Truncating current grating at 2150
   Wrote ...hst_12715_cos_wd0947p857_cg140l-g130m_lbui09_cspec.fits
Processing product (12715, '10')
Targets in visit (12715, '10'): ['WD0947+857']
Processing target WD0947+857 in visit (12715, '10')
Processing grating COS/G140L
Importing files ['...lbui10teq_x1d.fits', '...lbui10tgq_x1d.fits']
Processing file ...lbui10teq_x1d.fits
Processing file ...lbui10tgq_x1d.fits
Using a maximum SNR of 20.0 in flux-based filtering
   Wrote ...hst_12715_cos_wd0947p857_cg140l_lbui10_cspec.fits
Processing grating COS/G130M
Importing files ['...lbui10tiq_x1d.fits', '...lbui10tkq_x1d.fits', '...lbui10tmq_x1d.fits']
Processing file ...lbui10tiq_x1d.fits
Processing file ...lbui10tkq_x1d.fits
Processing file ...lbui10tmq_x1d.fits
Using a maximum SNR of 20.0 in flux-based filtering
   Wrote ...hst_12715_cos_wd0947p857_g130m_lbui10_cspec.fits
Making a product from these gratings
COS/G130M 900-1470 (Actual: 1135.4-1467.6)
COS/G140L 901-2150 (Actual: 34.1-2375.2)
Transition wavelengths tweaked
Starting at the short wavelength end with grating COS/G140L
Abutting COS/G130M product to current result
With a transition wavelength of 1135.3581509565943
Abutting COS/G140L product to current result
With a transition wavelength of 1467.5965314841196
Truncating current grating at 2150
   Wrote ...hst_12715_cos_wd0947p857_cg140l-g130m_lbui10_cspec.fits
Processing product (12715, '11')
Targets in visit (12715, '11'): ['WD0947+857']
Processing target WD0947+857 in visit (12715, '11')
Processing grating COS/G140L
Importing files ['...lbui11evq_x1d.fits', '...lbui11f0q_x1d.fits']
Processing file ...lbui11evq_x1d.fits
Processing file ...lbui11f0q_x1d.fits
Using a maximum SNR of 20.0 in flux-based filtering
   Wrote ...hst_12715_cos_wd0947p857_cg140l_lbui11_cspec.fits
Processing grating COS/G130M
Importing files ['...lbui11f8q_x1d.fits']
Processing file ...lbui11f8q_x1d.fits
Using a maximum SNR of 20.0 in flux-based filtering
   Wrote ...hst_12715_cos_wd0947p857_g130m_lbui11_cspec.fits
Making a product from these gratings
COS/G130M 900-1470 (Actual: 1154.9-1448.6)
COS/G140L 901-2150 (Actual: 33.6-2374.6)
Transition wavelengths tweaked
Starting at the short wavelength end with grating COS/G140L
Abutting COS/G130M product to current result
With a transition wavelength of 1154.9215608022505
Abutting COS/G140L product to current result
With a transition wavelength of 1448.5946580897958
Truncating current grating at 2150
   Wrote ...hst_12715_cos_wd0947p857_cg140l-g130m_lbui11_cspec.fits
Processing product (12715, '12')
Targets in visit (12715, '12'): ['WD0947+857']
Processing target WD0947+857 in visit (12715, '12')
Processing grating COS/G140L
Importing files ['...lbui12ycq_x1d.fits', '...lbui12ygq_x1d.fits']
Processing file ...lbui12ycq_x1d.fits
Processing file ...lbui12ygq_x1d.fits
Using a maximum SNR of 20.0 in flux-based filtering
   Wrote ...hst_12715_cos_wd0947p857_cg140l_lbui12_cspec.fits
Processing grating COS/G130M
Importing files ['...lbui12yiq_x1d.fits', '...lbui12ykq_x1d.fits', '...lbui12ymq_x1d.fits']
Processing file ...lbui12yiq_x1d.fits
Processing file ...lbui12ykq_x1d.fits
Processing file ...lbui12ymq_x1d.fits
Using a maximum SNR of 20.0 in flux-based filtering
   Wrote ...hst_12715_cos_wd0947p857_g130m_lbui12_cspec.fits
Making a product from these gratings
COS/G130M 900-1470 (Actual: 1135.6-1467.6)
COS/G140L 901-2150 (Actual: 33.2-2374.3)
Transition wavelengths tweaked
Starting at the short wavelength end with grating COS/G140L
Abutting COS/G130M product to current result
With a transition wavelength of 1135.6077681833322
Abutting COS/G140L product to current result
With a transition wavelength of 1467.5560323745499
Truncating current grating at 2150
   Wrote ...hst_12715_cos_wd0947p857_cg140l-g130m_lbui12_cspec.fits
Processing product (12715, '13')
Targets in visit (12715, '13'): ['WD0947+857']
Processing target WD0947+857 in visit (12715, '13')
Processing grating COS/G140L
Importing files ['...lbui13jhq_x1d.fits', '...lbui13jmq_x1d.fits']
Processing file ...lbui13jhq_x1d.fits
Processing file ...lbui13jmq_x1d.fits
Using a maximum SNR of 20.0 in flux-based filtering
   Wrote ...hst_12715_cos_wd0947p857_cg140l_lbui13_cspec.fits
Processing grating COS/G130M
Importing files ['...lbui13joq_x1d.fits', '...lbui13jqq_x1d.fits', '...lbui13jsq_x1d.fits']
Processing file ...lbui13joq_x1d.fits
Processing file ...lbui13jqq_x1d.fits
Processing file ...lbui13jsq_x1d.fits
Using a maximum SNR of 20.0 in flux-based filtering
   Wrote ...hst_12715_cos_wd0947p857_g130m_lbui13_cspec.fits
Making a product from these gratings
COS/G130M 900-1470 (Actual: 1135.5-1467.6)
COS/G140L 901-2150 (Actual: 35.1-2376.2)
Transition wavelengths tweaked
Starting at the short wavelength end with grating COS/G140L
Abutting COS/G130M product to current result
With a transition wavelength of 1135.5081962902377
Abutting COS/G140L product to current result
With a transition wavelength of 1467.6203809122367
Truncating current grating at 2150
   Wrote ...hst_12715_cos_wd0947p857_cg140l-g130m_lbui13_cspec.fits
Processing product (12715, '14')
Targets in visit (12715, '14'): ['WD0947+857']
Processing target WD0947+857 in visit (12715, '14')
Processing grating COS/G140L
Importing files ['...lbui14hiq_x1d.fits', '...lbui14ibq_x1d.fits']
Processing file ...lbui14hiq_x1d.fits
Processing file ...lbui14ibq_x1d.fits
Using a maximum SNR of 20.0 in flux-based filtering
   Wrote ...hst_12715_cos_wd0947p857_cg140l_lbui14_cspec.fits
Processing grating COS/G130M
Importing files ['...lbui14idq_x1d.fits', '...lbui14igq_x1d.fits', '...lbui14iiq_x1d.fits']
Processing file ...lbui14idq_x1d.fits
Processing file ...lbui14igq_x1d.fits
Processing file ...lbui14iiq_x1d.fits
Using a maximum SNR of 20.0 in flux-based filtering
   Wrote ...hst_12715_cos_wd0947p857_g130m_lbui14_cspec.fits
Making a product from these gratings
COS/G130M 900-1470 (Actual: 1135.6-1467.7)
COS/G140L 901-2150 (Actual: 33.2-2374.4)
Transition wavelengths tweaked
Starting at the short wavelength end with grating COS/G140L
Abutting COS/G130M product to current result
With a transition wavelength of 1135.5980637373593
Abutting COS/G140L product to current result
With a transition wavelength of 1467.6836376445524
Truncating current grating at 2150
   Wrote ...hst_12715_cos_wd0947p857_cg140l-g130m_lbui14_cspec.fits
Processing product (12715, '20')
Targets in visit (12715, '20'): ['WD1057+719']
Processing target WD1057+719 in visit (12715, '20')
Processing grating COS/G160M
Importing files ['...lbui20loq_x1d.fits', '...lbui20lqq_x1d.fits', '...lbui20lsq_x1d.fits']
Processing file ...lbui20loq_x1d.fits
Processing file ...lbui20lqq_x1d.fits
Processing file ...lbui20lsq_x1d.fits
Using a maximum SNR of 20.0 in flux-based filtering
   Wrote ...hst_12715_cos_wd1057p719_g160m_lbui20_cspec.fits
No need to create abutted product as < 2 single grating products
Processing product (12715, '21')
Targets in visit (12715, '21'): ['WD1057+719']
Processing target WD1057+719 in visit (12715, '21')
Processing grating COS/G160M
Importing files ['...lbui21fjq_x1d.fits', '...lbui21fmq_x1d.fits', '...lbui21fqq_x1d.fits']
Processing file ...lbui21fjq_x1d.fits
Processing file ...lbui21fmq_x1d.fits
Processing file ...lbui21fqq_x1d.fits
Using a maximum SNR of 20.0 in flux-based filtering
   Wrote ...hst_12715_cos_wd1057p719_g160m_lbui21_cspec.fits
No need to create abutted product as < 2 single grating products
Processing product (12715, '22')
Targets in visit (12715, '22'): ['WD1057+719']
Processing target WD1057+719 in visit (12715, '22')
Processing grating COS/G160M
Importing files ['...lbui22lqq_x1d.fits', '...lbui22lsq_x1d.fits', '...lbui22luq_x1d.fits']
Processing file ...lbui22lqq_x1d.fits
Processing file ...lbui22lsq_x1d.fits
Processing file ...lbui22luq_x1d.fits
Using a maximum SNR of 20.0 in flux-based filtering
   Wrote ...hst_12715_cos_wd1057p719_g160m_lbui22_cspec.fits
No need to create abutted product as < 2 single grating products
Processing product (12715, '23')
Targets in visit (12715, '23'): ['WD1057+719']
Processing target WD1057+719 in visit (12715, '23')
Processing grating COS/G160M
Importing files ['...lbui23v5q_x1d.fits', '...lbui23v7q_x1d.fits', '...lbui23v9q_x1d.fits']
Processing file ...lbui23v5q_x1d.fits
Processing file ...lbui23v7q_x1d.fits
Processing file ...lbui23v9q_x1d.fits
Using a maximum SNR of 20.0 in flux-based filtering
   Wrote ...hst_12715_cos_wd1057p719_g160m_lbui23_cspec.fits
No need to create abutted product as < 2 single grating products
Processing product (12715, '24')
Targets in visit (12715, '24'): ['WD1057+719']
Processing target WD1057+719 in visit (12715, '24')
Processing grating COS/G160M
Importing files ['...lbui24eaq_x1d.fits', '...lbui24ecq_x1d.fits', '...lbui24eeq_x1d.fits']
Processing file ...lbui24eaq_x1d.fits
Processing file ...lbui24ecq_x1d.fits
Processing file ...lbui24eeq_x1d.fits
Using a maximum SNR of 20.0 in flux-based filtering
   Wrote ...hst_12715_cos_wd1057p719_g160m_lbui24_cspec.fits
No need to create abutted product as < 2 single grating products
Processing product (12715, '25')
Targets in visit (12715, '25'): ['WD1057+719']
Processing target WD1057+719 in visit (12715, '25')
Processing grating COS/G160M
Importing files ['...lbui25asq_x1d.fits', '...lbui25auq_x1d.fits', '...lbui25b3q_x1d.fits']
Processing file ...lbui25asq_x1d.fits
Processing file ...lbui25auq_x1d.fits
Processing file ...lbui25b3q_x1d.fits
Using a maximum SNR of 20.0 in flux-based filtering
   Wrote ...hst_12715_cos_wd1057p719_g160m_lbui25_cspec.fits
No need to create abutted product as < 2 single grating products
Processing product (12715, '26')
Targets in visit (12715, '26'): ['WD1057+719']
Processing target WD1057+719 in visit (12715, '26')
Processing grating COS/G160M
Importing files ['...lbui26e7q_x1d.fits', '...lbui26ebq_x1d.fits', '...lbui26edq_x1d.fits']
Processing file ...lbui26e7q_x1d.fits
Processing file ...lbui26ebq_x1d.fits
Processing file ...lbui26edq_x1d.fits
Using a maximum SNR of 20.0 in flux-based filtering
   Wrote ...hst_12715_cos_wd1057p719_g160m_lbui26_cspec.fits
No need to create abutted product as < 2 single grating products
Processing product (12715, '27')
Targets in visit (12715, '27'): ['WD1057+719']
Processing target WD1057+719 in visit (12715, '27')
Processing grating COS/G160M
Importing files ['...lbui27g1q_x1d.fits', '...lbui27g3q_x1d.fits', '...lbui27g6q_x1d.fits']
Processing file ...lbui27g1q_x1d.fits
Processing file ...lbui27g3q_x1d.fits
Processing file ...lbui27g6q_x1d.fits
Using a maximum SNR of 20.0 in flux-based filtering
   Wrote ...hst_12715_cos_wd1057p719_g160m_lbui27_cspec.fits
No need to create abutted product as < 2 single grating products
Processing product (12715, '28')
Targets in visit (12715, '28'): ['WD1057+719']
Processing target WD1057+719 in visit (12715, '28')
Processing grating COS/G160M
Importing files ['...lbui28c0q_x1d.fits', '...lbui28c2q_x1d.fits', '...lbui28c4q_x1d.fits']
Processing file ...lbui28c0q_x1d.fits
Processing file ...lbui28c2q_x1d.fits
Processing file ...lbui28c4q_x1d.fits
Using a maximum SNR of 20.0 in flux-based filtering
   Wrote ...hst_12715_cos_wd1057p719_g160m_lbui28_cspec.fits
No need to create abutted product as < 2 single grating products
Processing product (12715, '29')
Targets in visit (12715, '29'): ['WD1057+719']
Processing target WD1057+719 in visit (12715, '29')
Processing grating COS/G160M
Importing files ['...lbui29gmq_x1d.fits', '...lbui29goq_x1d.fits', '...lbui29gqq_x1d.fits']
Processing file ...lbui29gmq_x1d.fits
Processing file ...lbui29goq_x1d.fits
Processing file ...lbui29gqq_x1d.fits
Using a maximum SNR of 20.0 in flux-based filtering
   Wrote ...hst_12715_cos_wd1057p719_g160m_lbui29_cspec.fits
No need to create abutted product as < 2 single grating products
Processing product (12715, '40')
Targets in visit (12715, '40'): ['GD71']
Processing target GD71 in visit (12715, '40')
Processing grating COS/G130M
Importing files ['...lbui40nfq_x1d.fits']
Processing file ...lbui40nfq_x1d.fits
Using a maximum SNR of 20.0 in flux-based filtering
   Wrote ...hst_12715_cos_gd71_g130m_lbui40_cspec.fits
Processing grating COS/G160M
Importing files ['...lbui40nhq_x1d.fits', '...lbui40njq_x1d.fits', '...lbui40nlq_x1d.fits']
Processing file ...lbui40nhq_x1d.fits
Processing file ...lbui40njq_x1d.fits
Processing file ...lbui40nlq_x1d.fits
Using a maximum SNR of 20.0 in flux-based filtering
   Wrote ...hst_12715_cos_gd71_g160m_lbui40_cspec.fits
Making a product from these gratings
COS/G130M 900-1470 (Actual: 943.0-1081.3)
COS/G160M 1342-1800 (Actual: 1578.9-1795.6)
Transition wavelengths tweaked
Starting at the short wavelength end with grating COS/G130M
Truncating current grating at 1081.259722284377
Abutting COS/G160M product to current result
With a transition wavelength of 1578.8540484236873
Truncating current grating at 1795.6416959897065
   Wrote ...hst_12715_cos_gd71_g130m-g160m_lbui40_cspec.fits
Processing product (12715, '41')
Targets in visit (12715, '41'): ['GD71']
Processing target GD71 in visit (12715, '41')
Processing grating COS/G130M
Importing files ['...lbui41i2q_x1d.fits']
Processing file ...lbui41i2q_x1d.fits
Using a maximum SNR of 20.0 in flux-based filtering
   Wrote ...hst_12715_cos_gd71_g130m_lbui41_cspec.fits
Processing grating COS/G160M
Importing files ['...lbui41i4q_x1d.fits', '...lbui41i6q_x1d.fits', '...lbui41i8q_x1d.fits']
Processing file ...lbui41i4q_x1d.fits
Processing file ...lbui41i6q_x1d.fits
Processing file ...lbui41i8q_x1d.fits
Using a maximum SNR of 20.0 in flux-based filtering
   Wrote ...hst_12715_cos_gd71_g160m_lbui41_cspec.fits
Making a product from these gratings
COS/G130M 900-1470 (Actual: 943.0-1081.2)
COS/G160M 1342-1800 (Actual: 1578.9-1795.8)
Transition wavelengths tweaked
Starting at the short wavelength end with grating COS/G130M
Truncating current grating at 1081.228606175206
Abutting COS/G160M product to current result
With a transition wavelength of 1578.9028912144222
Truncating current grating at 1795.7865830504902
   Wrote ...hst_12715_cos_gd71_g130m-g160m_lbui41_cspec.fits
Processing product (12715, '50')
Targets in visit (12715, '50'): ['WD0308-565']
Processing target WD0308-565 in visit (12715, '50')
Processing grating COS/G130M
Importing files ['...lbui50qnq_x1d.fits', '...lbui50qpq_x1d.fits', '...lbui50qrq_x1d.fits', '...lbui50qtq_x1d.fits']
Processing file ...lbui50qnq_x1d.fits
Processing file ...lbui50qpq_x1d.fits
Processing file ...lbui50qrq_x1d.fits
Processing file ...lbui50qtq_x1d.fits
Using a maximum SNR of 20.0 in flux-based filtering
   Wrote ...hst_12715_cos_wd0308-565_g130m_lbui50_cspec.fits
Processing grating COS/G160M
Importing files ['...lbui50qvq_x1d.fits', '...lbui50qzq_x1d.fits', '...lbui50r1q_x1d.fits']
Processing file ...lbui50qvq_x1d.fits
Processing file ...lbui50qzq_x1d.fits
Processing file ...lbui50r1q_x1d.fits
Using a maximum SNR of 20.0 in flux-based filtering
   Wrote ...hst_12715_cos_wd0308-565_g160m_lbui50_cspec.fits
Processing grating COS/G140L
Importing files ['...lbui50r3q_x1d.fits', '...lbui50r5q_x1d.fits']
Processing file ...lbui50r3q_x1d.fits
Processing file ...lbui50r5q_x1d.fits
Using a maximum SNR of 20.0 in flux-based filtering
   Wrote ...hst_12715_cos_wd0308-565_cg140l_lbui50_cspec.fits
Making a product from these gratings
COS/G130M 900-1470 (Actual: 1068.7-1467.5)
COS/G160M 1342-1800 (Actual: 1387.8-1795.6)
COS/G140L 901-2150 (Actual: 53.7-2395.3)
Transition wavelengths tweaked
Starting at the short wavelength end with grating COS/G140L
Abutting COS/G130M product to current result
With a transition wavelength of 1068.7117229613373
Abutting COS/G160M product to current result
With a transition wavelength of 1467.5089693384982
Abutting COS/G140L product to current result
With a transition wavelength of 1795.607693776611
Truncating current grating at 2150
   Wrote ...hst_12715_cos_wd0308-565_cg140l-g130m-g160m_lbui50_cspec.fits
Looping over proposals
Processing product 12715
Targets in proposal 12715: ['WD0947+857', 'WD1057+719', 'GD71', 'WD0308-565']
Processing target WD0947+857 in proposal 12715
Processing grating COS/G140L
Importing files ['...lbui01e7s_x1d.fits', '...lbui01ebs_x1d.fits', '...lbui02f1q_x1d.fits', '...lbui02f3q_x1d.fits', '...lbui03m6q_x1d.fits', '...lbui03maq_x1d.fits', '...lbui04m6q_x1d.fits', '...lbui04meq_x1d.fits', '...lbui05aaq_x1d.fits', '...lbui05acq_x1d.fits', '...lbui06guq_x1d.fits', '...lbui06gyq_x1d.fits', '...lbui07dkq_x1d.fits', '...lbui07dpq_x1d.fits', '...lbui08c6q_x1d.fits', '...lbui08coq_x1d.fits', '...lbui09bgq_x1d.fits', '...lbui09bjq_x1d.fits', '...lbui10teq_x1d.fits', '...lbui10tgq_x1d.fits', '...lbui11evq_x1d.fits', '...lbui11f0q_x1d.fits', '...lbui12ycq_x1d.fits', '...lbui12ygq_x1d.fits', '...lbui13jhq_x1d.fits', '...lbui13jmq_x1d.fits', '...lbui14hiq_x1d.fits', '...lbui14ibq_x1d.fits']
Processing file ...lbui01e7s_x1d.fits
Processing file ...lbui01ebs_x1d.fits
Processing file ...lbui02f1q_x1d.fits
Processing file ...lbui02f3q_x1d.fits
Processing file ...lbui03m6q_x1d.fits
Processing file ...lbui03maq_x1d.fits
Processing file ...lbui04m6q_x1d.fits
Processing file ...lbui04meq_x1d.fits
Processing file ...lbui05aaq_x1d.fits
Processing file ...lbui05acq_x1d.fits
Processing file ...lbui06guq_x1d.fits
Processing file ...lbui06gyq_x1d.fits
Processing file ...lbui07dkq_x1d.fits
Processing file ...lbui07dpq_x1d.fits
Processing file ...lbui08c6q_x1d.fits
Processing file ...lbui08coq_x1d.fits
Processing file ...lbui09bgq_x1d.fits
Processing file ...lbui09bjq_x1d.fits
Processing file ...lbui10teq_x1d.fits
Processing file ...lbui10tgq_x1d.fits
Processing file ...lbui11evq_x1d.fits
Processing file ...lbui11f0q_x1d.fits
Processing file ...lbui12ycq_x1d.fits
Processing file ...lbui12ygq_x1d.fits
Processing file ...lbui13jhq_x1d.fits
Processing file ...lbui13jmq_x1d.fits
Processing file ...lbui14hiq_x1d.fits
Processing file ...lbui14ibq_x1d.fits
Using a maximum SNR of 20.0 in flux-based filtering
   Wrote ...hst_12715_cos_wd0947p857_cg140l_lbui_cspec.fits
Processing grating COS/G130M
Importing files ['...lbui01eds_x1d.fits', '...lbui01efs_x1d.fits', '...lbui01ehs_x1d.fits', '...lbui02f5q_x1d.fits', '...lbui02f7q_x1d.fits', '...lbui02f9q_x1d.fits', '...lbui03mkq_x1d.fits', '...lbui03mmq_x1d.fits', '...lbui03mpq_x1d.fits', '...lbui04mhq_x1d.fits', '...lbui04mlq_x1d.fits', '...lbui04mnq_x1d.fits', '...lbui05ajq_x1d.fits', '...lbui05amq_x1d.fits', '...lbui05aoq_x1d.fits', '...lbui06h0q_x1d.fits', '...lbui06h2q_x1d.fits', '...lbui06h4q_x1d.fits', '...lbui07duq_x1d.fits', '...lbui07dwq_x1d.fits', '...lbui07e2q_x1d.fits', '...lbui08ctq_x1d.fits', '...lbui08cvq_x1d.fits', '...lbui08cxq_x1d.fits', '...lbui09boq_x1d.fits', '...lbui09bqq_x1d.fits', '...lbui09bsq_x1d.fits', '...lbui10tiq_x1d.fits', '...lbui10tkq_x1d.fits', '...lbui10tmq_x1d.fits', '...lbui11f8q_x1d.fits', '...lbui12yiq_x1d.fits', '...lbui12ykq_x1d.fits', '...lbui12ymq_x1d.fits', '...lbui13joq_x1d.fits', '...lbui13jqq_x1d.fits', '...lbui13jsq_x1d.fits', '...lbui14idq_x1d.fits', '...lbui14igq_x1d.fits', '...lbui14iiq_x1d.fits']
Processing file ...lbui01eds_x1d.fits
Processing file ...lbui01efs_x1d.fits
Processing file ...lbui01ehs_x1d.fits
Processing file ...lbui02f5q_x1d.fits
Processing file ...lbui02f7q_x1d.fits
Processing file ...lbui02f9q_x1d.fits
Processing file ...lbui03mkq_x1d.fits
Processing file ...lbui03mmq_x1d.fits
Processing file ...lbui03mpq_x1d.fits
Processing file ...lbui04mhq_x1d.fits
Processing file ...lbui04mlq_x1d.fits
Processing file ...lbui04mnq_x1d.fits
Processing file ...lbui05ajq_x1d.fits
Processing file ...lbui05amq_x1d.fits
Processing file ...lbui05aoq_x1d.fits
Processing file ...lbui06h0q_x1d.fits
Processing file ...lbui06h2q_x1d.fits
Processing file ...lbui06h4q_x1d.fits
Processing file ...lbui07duq_x1d.fits
Processing file ...lbui07dwq_x1d.fits
Processing file ...lbui07e2q_x1d.fits
Processing file ...lbui08ctq_x1d.fits
Processing file ...lbui08cvq_x1d.fits
Processing file ...lbui08cxq_x1d.fits
Processing file ...lbui09boq_x1d.fits
Processing file ...lbui09bqq_x1d.fits
Processing file ...lbui09bsq_x1d.fits
Processing file ...lbui10tiq_x1d.fits
Processing file ...lbui10tkq_x1d.fits
Processing file ...lbui10tmq_x1d.fits
Processing file ...lbui11f8q_x1d.fits
Processing file ...lbui12yiq_x1d.fits
Processing file ...lbui12ykq_x1d.fits
Processing file ...lbui12ymq_x1d.fits
Processing file ...lbui13joq_x1d.fits
Processing file ...lbui13jqq_x1d.fits
Processing file ...lbui13jsq_x1d.fits
Processing file ...lbui14idq_x1d.fits
Processing file ...lbui14igq_x1d.fits
Processing file ...lbui14iiq_x1d.fits
Using a maximum SNR of 20.0 in flux-based filtering
   Wrote ...hst_12715_cos_wd0947p857_g130m_lbui_cspec.fits
Making a product from these gratings
COS/G130M 900-1470 (Actual: 1135.4-1467.7)
COS/G140L 901-2150 (Actual: 33.2-2376.2)
Transition wavelengths tweaked
Starting at the short wavelength end with grating COS/G140L
Abutting COS/G130M product to current result
With a transition wavelength of 1135.3590639704264
Abutting COS/G140L product to current result
With a transition wavelength of 1467.7238795476
Truncating current grating at 2150
   Wrote ...hst_12715_cos_wd0947p857_cg140l-g130m_lbui_cspec.fits
Processing target WD1057+719 in proposal 12715
Processing grating COS/G160M
Importing files ['...lbui20loq_x1d.fits', '...lbui20lqq_x1d.fits', '...lbui20lsq_x1d.fits', '...lbui21fjq_x1d.fits', '...lbui21fmq_x1d.fits', '...lbui21fqq_x1d.fits', '...lbui22lqq_x1d.fits', '...lbui22lsq_x1d.fits', '...lbui22luq_x1d.fits', '...lbui23v5q_x1d.fits', '...lbui23v7q_x1d.fits', '...lbui23v9q_x1d.fits', '...lbui24eaq_x1d.fits', '...lbui24ecq_x1d.fits', '...lbui24eeq_x1d.fits', '...lbui25asq_x1d.fits', '...lbui25auq_x1d.fits', '...lbui25b3q_x1d.fits', '...lbui26e7q_x1d.fits', '...lbui26ebq_x1d.fits', '...lbui26edq_x1d.fits', '...lbui27g1q_x1d.fits', '...lbui27g3q_x1d.fits', '...lbui27g6q_x1d.fits', '...lbui28c0q_x1d.fits', '...lbui28c2q_x1d.fits', '...lbui28c4q_x1d.fits', '...lbui29gmq_x1d.fits', '...lbui29goq_x1d.fits', '...lbui29gqq_x1d.fits']
Processing file ...lbui20loq_x1d.fits
Processing file ...lbui20lqq_x1d.fits
Processing file ...lbui20lsq_x1d.fits
Processing file ...lbui21fjq_x1d.fits
Processing file ...lbui21fmq_x1d.fits
Processing file ...lbui21fqq_x1d.fits
Processing file ...lbui22lqq_x1d.fits
Processing file ...lbui22lsq_x1d.fits
Processing file ...lbui22luq_x1d.fits
Processing file ...lbui23v5q_x1d.fits
Processing file ...lbui23v7q_x1d.fits
Processing file ...lbui23v9q_x1d.fits
Processing file ...lbui24eaq_x1d.fits
Processing file ...lbui24ecq_x1d.fits
Processing file ...lbui24eeq_x1d.fits
Processing file ...lbui25asq_x1d.fits
Processing file ...lbui25auq_x1d.fits
Processing file ...lbui25b3q_x1d.fits
Processing file ...lbui26e7q_x1d.fits
Processing file ...lbui26ebq_x1d.fits
Processing file ...lbui26edq_x1d.fits
Processing file ...lbui27g1q_x1d.fits
Processing file ...lbui27g3q_x1d.fits
Processing file ...lbui27g6q_x1d.fits
Processing file ...lbui28c0q_x1d.fits
Processing file ...lbui28c2q_x1d.fits
Processing file ...lbui28c4q_x1d.fits
Processing file ...lbui29gmq_x1d.fits
Processing file ...lbui29goq_x1d.fits
Processing file ...lbui29gqq_x1d.fits
Using a maximum SNR of 20.0 in flux-based filtering
   Wrote ...hst_12715_cos_wd1057p719_g160m_lbui_cspec.fits
Making a product from these gratings
COS/G160M 1342-1800 (Actual: 1387.8-1795.7)
Transition wavelengths tweaked
Starting at the short wavelength end with grating COS/G160M
Truncating current grating at 1795.7266711500145
...hst_12715_cos_wd1057p719_g160m_lbui_cspec.fits already exists and overwrite=False, skipping write
   Wrote ...hst_12715_cos_wd1057p719_g160m_lbui_cspec.fits
Processing target GD71 in proposal 12715
Processing grating COS/G130M
Importing files ['...lbui40nfq_x1d.fits', '...lbui41i2q_x1d.fits']
Processing file ...lbui40nfq_x1d.fits
Processing file ...lbui41i2q_x1d.fits
Using a maximum SNR of 20.0 in flux-based filtering
   Wrote ...hst_12715_cos_gd71_g130m_lbui_cspec.fits
Processing grating COS/G160M
Importing files ['...lbui40nhq_x1d.fits', '...lbui40njq_x1d.fits', '...lbui40nlq_x1d.fits', '...lbui41i4q_x1d.fits', '...lbui41i6q_x1d.fits', '...lbui41i8q_x1d.fits']
Processing file ...lbui40nhq_x1d.fits
Processing file ...lbui40njq_x1d.fits
Processing file ...lbui40nlq_x1d.fits
Processing file ...lbui41i4q_x1d.fits
Processing file ...lbui41i6q_x1d.fits
Processing file ...lbui41i8q_x1d.fits
Using a maximum SNR of 20.0 in flux-based filtering
   Wrote ...hst_12715_cos_gd71_g160m_lbui_cspec.fits
Making a product from these gratings
COS/G130M 900-1470 (Actual: 943.0-1081.3)
COS/G160M 1342-1800 (Actual: 1578.9-1795.8)
Transition wavelengths tweaked
Starting at the short wavelength end with grating COS/G130M
Truncating current grating at 1081.259722284377
Abutting COS/G160M product to current result
With a transition wavelength of 1578.8540484236873
Truncating current grating at 1795.7886789701456
   Wrote ...hst_12715_cos_gd71_g130m-g160m_lbui_cspec.fits
Processing target WD0308-565 in proposal 12715
Processing grating COS/G130M
Importing files ['...lbui50qnq_x1d.fits', '...lbui50qpq_x1d.fits', '...lbui50qrq_x1d.fits', '...lbui50qtq_x1d.fits']
Processing file ...lbui50qnq_x1d.fits
Processing file ...lbui50qpq_x1d.fits
Processing file ...lbui50qrq_x1d.fits
Processing file ...lbui50qtq_x1d.fits
Using a maximum SNR of 20.0 in flux-based filtering
   Wrote ...hst_12715_cos_wd0308-565_g130m_lbui_cspec.fits
Processing grating COS/G160M
Importing files ['...lbui50qvq_x1d.fits', '...lbui50qzq_x1d.fits', '...lbui50r1q_x1d.fits']
Processing file ...lbui50qvq_x1d.fits
Processing file ...lbui50qzq_x1d.fits
Processing file ...lbui50r1q_x1d.fits
Using a maximum SNR of 20.0 in flux-based filtering
   Wrote ...hst_12715_cos_wd0308-565_g160m_lbui_cspec.fits
Processing grating COS/G140L
Importing files ['...lbui50r3q_x1d.fits', '...lbui50r5q_x1d.fits']
Processing file ...lbui50r3q_x1d.fits
Processing file ...lbui50r5q_x1d.fits
Using a maximum SNR of 20.0 in flux-based filtering
   Wrote ...hst_12715_cos_wd0308-565_cg140l_lbui_cspec.fits
Making a product from these gratings
COS/G130M 900-1470 (Actual: 1068.7-1467.5)
COS/G160M 1342-1800 (Actual: 1387.8-1795.6)
COS/G140L 901-2150 (Actual: 53.7-2395.3)
Transition wavelengths tweaked
Starting at the short wavelength end with grating COS/G140L
Abutting COS/G130M product to current result
With a transition wavelength of 1068.7117229613373
Abutting COS/G160M product to current result
With a transition wavelength of 1467.5089693384982
Abutting COS/G140L product to current result
With a transition wavelength of 1795.607693776611
Truncating current grating at 2150
   Wrote ...hst_12715_cos_wd0308-565_cg140l-g130m-g160m_lbui_cspec.fits

2024256063515 INFO src=hasp_coadds-run_swrapper.run_swrapper_script fsn=bui msg="swrapper -i ...bui -o ...bui returned 0"
